2025-05-14T22:34:16.126-03:00  INFO 27908 --- [thetis] [restartedMain] br.com.fiap.thetis.ThetisApplication     : Starting ThetisApplication using Java 23.0.2 with PID 27908 (C:\Users\Gusma\OneDrive\Documentos\Estudos\thetis\target\classes started by Gusma in C:\Users\Gusma\OneDrive\Documentos\Estudos\thetis)
2025-05-14T22:34:16.128-03:00  INFO 27908 --- [thetis] [restartedMain] br.com.fiap.thetis.ThetisApplication     : The following 1 profile is active: "prod"
2025-05-14T22:34:16.160-03:00  INFO 27908 --- [thetis] [restartedMain] .e.DevToolsPropertyDefaultsPostProcessor : Devtools property defaults active! Set 'spring.devtools.add-properties' to 'false' to disable
2025-05-14T22:34:16.160-03:00  INFO 27908 --- [thetis] [restartedMain] .e.DevToolsPropertyDefaultsPostProcessor : For additional web related logging consider setting the 'logging.level.web' property to 'DEBUG'
2025-05-14T22:34:16.533-03:00  INFO 27908 --- [thetis] [restartedMain] .s.d.r.c.RepositoryConfigurationDelegate : Bootstrapping Spring Data JPA repositories in DEFAULT mode.
2025-05-14T22:34:16.589-03:00  INFO 27908 --- [thetis] [restartedMain] .s.d.r.c.RepositoryConfigurationDelegate : Finished Spring Data repository scanning in 48 ms. Found 8 JPA repository interfaces.
2025-05-14T22:34:16.897-03:00  INFO 27908 --- [thetis] [restartedMain] o.s.b.w.embedded.tomcat.TomcatWebServer  : Tomcat initialized with port 8080 (http)
2025-05-14T22:34:16.904-03:00  INFO 27908 --- [thetis] [restartedMain] o.apache.catalina.core.StandardService   : Starting service [Tomcat]
2025-05-14T22:34:16.905-03:00  INFO 27908 --- [thetis] [restartedMain] o.apache.catalina.core.StandardEngine    : Starting Servlet engine: [Apache Tomcat/10.1.40]
2025-05-14T22:34:16.939-03:00  INFO 27908 --- [thetis] [restartedMain] o.a.c.c.C.[Tomcat].[localhost].[/]       : Initializing Spring embedded WebApplicationContext
2025-05-14T22:34:16.940-03:00  INFO 27908 --- [thetis] [restartedMain] w.s.c.ServletWebServerApplicationContext : Root WebApplicationContext: initialization completed in 779 ms
2025-05-14T22:34:17.016-03:00  INFO 27908 --- [thetis] [restartedMain] o.hibernate.jpa.internal.util.LogHelper  : HHH000204: Processing PersistenceUnitInfo [name: default]
2025-05-14T22:34:17.039-03:00  INFO 27908 --- [thetis] [restartedMain] org.hibernate.Version                    : HHH000412: Hibernate ORM core version 6.6.13.Final
2025-05-14T22:34:17.055-03:00  INFO 27908 --- [thetis] [restartedMain] o.h.c.internal.RegionFactoryInitiator    : HHH000026: Second-level cache disabled
2025-05-14T22:34:17.183-03:00  INFO 27908 --- [thetis] [restartedMain] o.s.o.j.p.SpringPersistenceUnitInfo      : No LoadTimeWeaver setup: ignoring JPA class transformer
2025-05-14T22:34:17.198-03:00  INFO 27908 --- [thetis] [restartedMain] com.zaxxer.hikari.HikariDataSource       : HikariPool-1 - Starting...
2025-05-14T22:34:17.292-03:00  INFO 27908 --- [thetis] [restartedMain] com.zaxxer.hikari.pool.HikariPool        : HikariPool-1 - Added connection com.mysql.cj.jdbc.ConnectionImpl@7ca3730c
2025-05-14T22:34:17.294-03:00  INFO 27908 --- [thetis] [restartedMain] com.zaxxer.hikari.HikariDataSource       : HikariPool-1 - Start completed.
2025-05-14T22:34:17.326-03:00  WARN 27908 --- [thetis] [restartedMain] org.hibernate.orm.deprecation            : HHH90000025: MySQLDialect does not need to be specified explicitly using 'hibernate.dialect' (remove the property setting and it will be selected by default)
2025-05-14T22:34:17.336-03:00  INFO 27908 --- [thetis] [restartedMain] org.hibernate.orm.connections.pooling    : HHH10001005: Database info:
	Database JDBC URL [Connecting through datasource 'HikariDataSource (HikariPool-1)']
	Database driver: undefined/unknown
	Database version: 8.4.5
	Autocommit mode: undefined/unknown
	Isolation level: undefined/unknown
	Minimum pool size: undefined/unknown
	Maximum pool size: undefined/unknown
2025-05-14T22:34:17.831-03:00  INFO 27908 --- [thetis] [restartedMain] o.h.e.t.j.p.i.JtaPlatformInitiator       : HHH000489: No JTA platform available (set 'hibernate.transaction.jta.platform' to enable JTA platform integration)
2025-05-14T22:34:17.904-03:00  INFO 27908 --- [thetis] [restartedMain] j.LocalContainerEntityManagerFactoryBean : Initialized JPA EntityManagerFactory for persistence unit 'default'
2025-05-14T22:34:18.143-03:00  WARN 27908 --- [thetis] [restartedMain] JpaBaseConfiguration$JpaWebConfiguration : spring.jpa.open-in-view is enabled by default. Therefore, database queries may be performed during view rendering. Explicitly configure spring.jpa.open-in-view to disable this warning
2025-05-14T22:34:18.343-03:00  WARN 27908 --- [thetis] [restartedMain] .s.s.UserDetailsServiceAutoConfiguration : 

Using generated security password: 710783f4-42d4-4ec8-93bd-4cd85efde479

This generated password is for development use only. Your security configuration must be updated before running your application in production.

2025-05-14T22:34:18.346-03:00  INFO 27908 --- [thetis] [restartedMain] r$InitializeUserDetailsManagerConfigurer : Global AuthenticationManager configured with UserDetailsService bean with name inMemoryUserDetailsManager
2025-05-14T22:34:18.411-03:00  INFO 27908 --- [thetis] [restartedMain] o.s.b.d.a.OptionalLiveReloadServer       : LiveReload server is running on port 35729
2025-05-14T22:34:18.426-03:00  INFO 27908 --- [thetis] [restartedMain] o.s.b.w.embedded.tomcat.TomcatWebServer  : Tomcat started on port 8080 (http) with context path '/'
2025-05-14T22:34:18.431-03:00  INFO 27908 --- [thetis] [restartedMain] br.com.fiap.thetis.ThetisApplication     : Started ThetisApplication in 2.537 seconds (process running for 2.753)
2025-05-14T22:37:38.490-03:00  INFO 27908 --- [thetis] [File Watcher] rtingClassPathChangeChangedEventListener : Restarting due to 1 class path change (0 additions, 0 deletions, 1 modification)
2025-05-14T22:37:38.492-03:00  INFO 27908 --- [thetis] [Thread-5] o.s.b.w.e.tomcat.GracefulShutdown        : Commencing graceful shutdown. Waiting for active requests to complete
2025-05-14T22:37:38.495-03:00  INFO 27908 --- [thetis] [tomcat-shutdown] o.s.b.w.e.tomcat.GracefulShutdown        : Graceful shutdown complete
2025-05-14T22:37:38.498-03:00  INFO 27908 --- [thetis] [Thread-5] j.LocalContainerEntityManagerFactoryBean : Closing JPA EntityManagerFactory for persistence unit 'default'
2025-05-14T22:37:38.499-03:00  INFO 27908 --- [thetis] [Thread-5] com.zaxxer.hikari.HikariDataSource       : HikariPool-1 - Shutdown initiated...
2025-05-14T22:37:38.504-03:00  INFO 27908 --- [thetis] [Thread-5] com.zaxxer.hikari.HikariDataSource       : HikariPool-1 - Shutdown completed.
2025-05-14T22:37:38.564-03:00  INFO 27908 --- [thetis] [restartedMain] br.com.fiap.thetis.ThetisApplication     : Starting ThetisApplication using Java 23.0.2 with PID 27908 (C:\Users\Gusma\OneDrive\Documentos\Estudos\thetis\target\classes started by Gusma in C:\Users\Gusma\OneDrive\Documentos\Estudos\thetis)
2025-05-14T22:37:38.564-03:00  INFO 27908 --- [thetis] [restartedMain] br.com.fiap.thetis.ThetisApplication     : The following 1 profile is active: "prod"
2025-05-14T22:37:38.671-03:00  INFO 27908 --- [thetis] [restartedMain] .s.d.r.c.RepositoryConfigurationDelegate : Bootstrapping Spring Data JPA repositories in DEFAULT mode.
2025-05-14T22:37:38.684-03:00  INFO 27908 --- [thetis] [restartedMain] .s.d.r.c.RepositoryConfigurationDelegate : Finished Spring Data repository scanning in 12 ms. Found 8 JPA repository interfaces.
2025-05-14T22:37:38.725-03:00  INFO 27908 --- [thetis] [restartedMain] o.s.b.w.embedded.tomcat.TomcatWebServer  : Tomcat initialized with port 8080 (http)
2025-05-14T22:37:38.726-03:00  INFO 27908 --- [thetis] [restartedMain] o.apache.catalina.core.StandardService   : Starting service [Tomcat]
2025-05-14T22:37:38.726-03:00  INFO 27908 --- [thetis] [restartedMain] o.apache.catalina.core.StandardEngine    : Starting Servlet engine: [Apache Tomcat/10.1.40]
2025-05-14T22:37:38.738-03:00  INFO 27908 --- [thetis] [restartedMain] o.a.c.c.C.[Tomcat].[localhost].[/]       : Initializing Spring embedded WebApplicationContext
2025-05-14T22:37:38.738-03:00  INFO 27908 --- [thetis] [restartedMain] w.s.c.ServletWebServerApplicationContext : Root WebApplicationContext: initialization completed in 172 ms
2025-05-14T22:37:38.760-03:00  INFO 27908 --- [thetis] [restartedMain] o.hibernate.jpa.internal.util.LogHelper  : HHH000204: Processing PersistenceUnitInfo [name: default]
2025-05-14T22:37:38.761-03:00  INFO 27908 --- [thetis] [restartedMain] o.h.c.internal.RegionFactoryInitiator    : HHH000026: Second-level cache disabled
2025-05-14T22:37:38.766-03:00  INFO 27908 --- [thetis] [restartedMain] o.s.o.j.p.SpringPersistenceUnitInfo      : No LoadTimeWeaver setup: ignoring JPA class transformer
2025-05-14T22:37:38.767-03:00  INFO 27908 --- [thetis] [restartedMain] com.zaxxer.hikari.HikariDataSource       : HikariPool-2 - Starting...
2025-05-14T22:37:38.776-03:00  INFO 27908 --- [thetis] [restartedMain] com.zaxxer.hikari.pool.HikariPool        : HikariPool-2 - Added connection com.mysql.cj.jdbc.ConnectionImpl@56887899
2025-05-14T22:37:38.776-03:00  INFO 27908 --- [thetis] [restartedMain] com.zaxxer.hikari.HikariDataSource       : HikariPool-2 - Start completed.
2025-05-14T22:37:38.777-03:00  WARN 27908 --- [thetis] [restartedMain] org.hibernate.orm.deprecation            : HHH90000025: MySQLDialect does not need to be specified explicitly using 'hibernate.dialect' (remove the property setting and it will be selected by default)
2025-05-14T22:37:38.778-03:00  INFO 27908 --- [thetis] [restartedMain] org.hibernate.orm.connections.pooling    : HHH10001005: Database info:
	Database JDBC URL [Connecting through datasource 'HikariDataSource (HikariPool-2)']
	Database driver: undefined/unknown
	Database version: 8.4.5
	Autocommit mode: undefined/unknown
	Isolation level: undefined/unknown
	Minimum pool size: undefined/unknown
	Maximum pool size: undefined/unknown
2025-05-14T22:37:38.847-03:00  INFO 27908 --- [thetis] [restartedMain] o.h.e.t.j.p.i.JtaPlatformInitiator       : HHH000489: No JTA platform available (set 'hibernate.transaction.jta.platform' to enable JTA platform integration)
2025-05-14T22:37:38.895-03:00  INFO 27908 --- [thetis] [restartedMain] j.LocalContainerEntityManagerFactoryBean : Initialized JPA EntityManagerFactory for persistence unit 'default'
2025-05-14T22:37:38.954-03:00  WARN 27908 --- [thetis] [restartedMain] JpaBaseConfiguration$JpaWebConfiguration : spring.jpa.open-in-view is enabled by default. Therefore, database queries may be performed during view rendering. Explicitly configure spring.jpa.open-in-view to disable this warning
2025-05-14T22:37:39.020-03:00  WARN 27908 --- [thetis] [restartedMain] .s.s.UserDetailsServiceAutoConfiguration : 

Using generated security password: 722da556-d3a1-46f8-b1ef-5f637f616f22

This generated password is for development use only. Your security configuration must be updated before running your application in production.

2025-05-14T22:37:39.021-03:00  INFO 27908 --- [thetis] [restartedMain] r$InitializeUserDetailsManagerConfigurer : Global AuthenticationManager configured with UserDetailsService bean with name inMemoryUserDetailsManager
2025-05-14T22:37:39.031-03:00  INFO 27908 --- [thetis] [restartedMain] o.s.b.d.a.OptionalLiveReloadServer       : LiveReload server is running on port 35729
2025-05-14T22:37:39.037-03:00  INFO 27908 --- [thetis] [restartedMain] o.s.b.w.embedded.tomcat.TomcatWebServer  : Tomcat started on port 8080 (http) with context path '/'
2025-05-14T22:37:39.038-03:00  INFO 27908 --- [thetis] [restartedMain] br.com.fiap.thetis.ThetisApplication     : Started ThetisApplication in 0.494 seconds (process running for 203.36)
2025-05-14T22:37:41.466-03:00  INFO 27908 --- [thetis] [File Watcher] rtingClassPathChangeChangedEventListener : Restarting due to 1 class path change (0 additions, 0 deletions, 1 modification)
2025-05-14T22:37:41.466-03:00  INFO 27908 --- [thetis] [Thread-7] o.s.b.w.e.tomcat.GracefulShutdown        : Commencing graceful shutdown. Waiting for active requests to complete
2025-05-14T22:37:41.469-03:00  INFO 27908 --- [thetis] [tomcat-shutdown] o.s.b.w.e.tomcat.GracefulShutdown        : Graceful shutdown complete
2025-05-14T22:37:41.471-03:00  INFO 27908 --- [thetis] [Thread-7] j.LocalContainerEntityManagerFactoryBean : Closing JPA EntityManagerFactory for persistence unit 'default'
2025-05-14T22:37:41.471-03:00  INFO 27908 --- [thetis] [Thread-7] com.zaxxer.hikari.HikariDataSource       : HikariPool-2 - Shutdown initiated...
2025-05-14T22:37:41.473-03:00  INFO 27908 --- [thetis] [Thread-7] com.zaxxer.hikari.HikariDataSource       : HikariPool-2 - Shutdown completed.
2025-05-14T22:37:41.524-03:00  INFO 27908 --- [thetis] [restartedMain] br.com.fiap.thetis.ThetisApplication     : Starting ThetisApplication using Java 23.0.2 with PID 27908 (C:\Users\Gusma\OneDrive\Documentos\Estudos\thetis\target\classes started by Gusma in C:\Users\Gusma\OneDrive\Documentos\Estudos\thetis)
2025-05-14T22:37:41.524-03:00  INFO 27908 --- [thetis] [restartedMain] br.com.fiap.thetis.ThetisApplication     : The following 1 profile is active: "prod"
2025-05-14T22:37:41.619-03:00  INFO 27908 --- [thetis] [restartedMain] .s.d.r.c.RepositoryConfigurationDelegate : Bootstrapping Spring Data JPA repositories in DEFAULT mode.
2025-05-14T22:37:41.634-03:00  INFO 27908 --- [thetis] [restartedMain] .s.d.r.c.RepositoryConfigurationDelegate : Finished Spring Data repository scanning in 12 ms. Found 8 JPA repository interfaces.
2025-05-14T22:37:41.670-03:00  INFO 27908 --- [thetis] [restartedMain] o.s.b.w.embedded.tomcat.TomcatWebServer  : Tomcat initialized with port 8080 (http)
2025-05-14T22:37:41.670-03:00  INFO 27908 --- [thetis] [restartedMain] o.apache.catalina.core.StandardService   : Starting service [Tomcat]
2025-05-14T22:37:41.670-03:00  INFO 27908 --- [thetis] [restartedMain] o.apache.catalina.core.StandardEngine    : Starting Servlet engine: [Apache Tomcat/10.1.40]
2025-05-14T22:37:41.681-03:00  INFO 27908 --- [thetis] [restartedMain] o.a.c.c.C.[Tomcat].[localhost].[/]       : Initializing Spring embedded WebApplicationContext
2025-05-14T22:37:41.681-03:00  INFO 27908 --- [thetis] [restartedMain] w.s.c.ServletWebServerApplicationContext : Root WebApplicationContext: initialization completed in 155 ms
2025-05-14T22:37:41.702-03:00  INFO 27908 --- [thetis] [restartedMain] o.hibernate.jpa.internal.util.LogHelper  : HHH000204: Processing PersistenceUnitInfo [name: default]
2025-05-14T22:37:41.703-03:00  INFO 27908 --- [thetis] [restartedMain] o.h.c.internal.RegionFactoryInitiator    : HHH000026: Second-level cache disabled
2025-05-14T22:37:41.707-03:00  INFO 27908 --- [thetis] [restartedMain] o.s.o.j.p.SpringPersistenceUnitInfo      : No LoadTimeWeaver setup: ignoring JPA class transformer
2025-05-14T22:37:41.708-03:00  INFO 27908 --- [thetis] [restartedMain] com.zaxxer.hikari.HikariDataSource       : HikariPool-3 - Starting...
2025-05-14T22:37:41.716-03:00  INFO 27908 --- [thetis] [restartedMain] com.zaxxer.hikari.pool.HikariPool        : HikariPool-3 - Added connection com.mysql.cj.jdbc.ConnectionImpl@71ed3a7d
2025-05-14T22:37:41.716-03:00  INFO 27908 --- [thetis] [restartedMain] com.zaxxer.hikari.HikariDataSource       : HikariPool-3 - Start completed.
2025-05-14T22:37:41.717-03:00  WARN 27908 --- [thetis] [restartedMain] org.hibernate.orm.deprecation            : HHH90000025: MySQLDialect does not need to be specified explicitly using 'hibernate.dialect' (remove the property setting and it will be selected by default)
2025-05-14T22:37:41.717-03:00  INFO 27908 --- [thetis] [restartedMain] org.hibernate.orm.connections.pooling    : HHH10001005: Database info:
	Database JDBC URL [Connecting through datasource 'HikariDataSource (HikariPool-3)']
	Database driver: undefined/unknown
	Database version: 8.4.5
	Autocommit mode: undefined/unknown
	Isolation level: undefined/unknown
	Minimum pool size: undefined/unknown
	Maximum pool size: undefined/unknown
2025-05-14T22:37:41.781-03:00  INFO 27908 --- [thetis] [restartedMain] o.h.e.t.j.p.i.JtaPlatformInitiator       : HHH000489: No JTA platform available (set 'hibernate.transaction.jta.platform' to enable JTA platform integration)
2025-05-14T22:37:41.824-03:00  INFO 27908 --- [thetis] [restartedMain] j.LocalContainerEntityManagerFactoryBean : Initialized JPA EntityManagerFactory for persistence unit 'default'
2025-05-14T22:37:41.875-03:00  WARN 27908 --- [thetis] [restartedMain] JpaBaseConfiguration$JpaWebConfiguration : spring.jpa.open-in-view is enabled by default. Therefore, database queries may be performed during view rendering. Explicitly configure spring.jpa.open-in-view to disable this warning
2025-05-14T22:37:41.935-03:00  WARN 27908 --- [thetis] [restartedMain] .s.s.UserDetailsServiceAutoConfiguration : 

Using generated security password: 6152efd5-897b-4caa-a1c6-e70fce2a8955

This generated password is for development use only. Your security configuration must be updated before running your application in production.

2025-05-14T22:37:41.936-03:00  INFO 27908 --- [thetis] [restartedMain] r$InitializeUserDetailsManagerConfigurer : Global AuthenticationManager configured with UserDetailsService bean with name inMemoryUserDetailsManager
2025-05-14T22:37:41.944-03:00  INFO 27908 --- [thetis] [restartedMain] o.s.b.d.a.OptionalLiveReloadServer       : LiveReload server is running on port 35729
2025-05-14T22:37:41.949-03:00  INFO 27908 --- [thetis] [restartedMain] o.s.b.w.embedded.tomcat.TomcatWebServer  : Tomcat started on port 8080 (http) with context path '/'
2025-05-14T22:37:41.950-03:00  INFO 27908 --- [thetis] [restartedMain] br.com.fiap.thetis.ThetisApplication     : Started ThetisApplication in 0.439 seconds (process running for 206.272)
2025-05-14T22:37:47.443-03:00  INFO 27908 --- [thetis] [File Watcher] rtingClassPathChangeChangedEventListener : Restarting due to 1 class path change (0 additions, 0 deletions, 1 modification)
2025-05-14T22:37:47.444-03:00  INFO 27908 --- [thetis] [Thread-11] o.s.b.w.e.tomcat.GracefulShutdown        : Commencing graceful shutdown. Waiting for active requests to complete
2025-05-14T22:37:47.447-03:00  INFO 27908 --- [thetis] [tomcat-shutdown] o.s.b.w.e.tomcat.GracefulShutdown        : Graceful shutdown complete
2025-05-14T22:37:47.448-03:00  INFO 27908 --- [thetis] [Thread-11] j.LocalContainerEntityManagerFactoryBean : Closing JPA EntityManagerFactory for persistence unit 'default'
2025-05-14T22:37:47.448-03:00  INFO 27908 --- [thetis] [Thread-11] com.zaxxer.hikari.HikariDataSource       : HikariPool-3 - Shutdown initiated...
2025-05-14T22:37:47.451-03:00  INFO 27908 --- [thetis] [Thread-11] com.zaxxer.hikari.HikariDataSource       : HikariPool-3 - Shutdown completed.
2025-05-14T22:37:47.497-03:00  INFO 27908 --- [thetis] [restartedMain] br.com.fiap.thetis.ThetisApplication     : Starting ThetisApplication using Java 23.0.2 with PID 27908 (C:\Users\Gusma\OneDrive\Documentos\Estudos\thetis\target\classes started by Gusma in C:\Users\Gusma\OneDrive\Documentos\Estudos\thetis)
2025-05-14T22:37:47.497-03:00  INFO 27908 --- [thetis] [restartedMain] br.com.fiap.thetis.ThetisApplication     : The following 1 profile is active: "prod"
2025-05-14T22:37:47.576-03:00  INFO 27908 --- [thetis] [restartedMain] .s.d.r.c.RepositoryConfigurationDelegate : Bootstrapping Spring Data JPA repositories in DEFAULT mode.
2025-05-14T22:37:47.588-03:00  INFO 27908 --- [thetis] [restartedMain] .s.d.r.c.RepositoryConfigurationDelegate : Finished Spring Data repository scanning in 11 ms. Found 8 JPA repository interfaces.
2025-05-14T22:37:47.629-03:00  INFO 27908 --- [thetis] [restartedMain] o.s.b.w.embedded.tomcat.TomcatWebServer  : Tomcat initialized with port 8080 (http)
2025-05-14T22:37:47.630-03:00  INFO 27908 --- [thetis] [restartedMain] o.apache.catalina.core.StandardService   : Starting service [Tomcat]
2025-05-14T22:37:47.630-03:00  INFO 27908 --- [thetis] [restartedMain] o.apache.catalina.core.StandardEngine    : Starting Servlet engine: [Apache Tomcat/10.1.40]
2025-05-14T22:37:47.641-03:00  INFO 27908 --- [thetis] [restartedMain] o.a.c.c.C.[Tomcat].[localhost].[/]       : Initializing Spring embedded WebApplicationContext
2025-05-14T22:37:47.642-03:00  INFO 27908 --- [thetis] [restartedMain] w.s.c.ServletWebServerApplicationContext : Root WebApplicationContext: initialization completed in 144 ms
2025-05-14T22:37:47.657-03:00  INFO 27908 --- [thetis] [restartedMain] o.hibernate.jpa.internal.util.LogHelper  : HHH000204: Processing PersistenceUnitInfo [name: default]
2025-05-14T22:37:47.658-03:00  INFO 27908 --- [thetis] [restartedMain] o.h.c.internal.RegionFactoryInitiator    : HHH000026: Second-level cache disabled
2025-05-14T22:37:47.663-03:00  INFO 27908 --- [thetis] [restartedMain] o.s.o.j.p.SpringPersistenceUnitInfo      : No LoadTimeWeaver setup: ignoring JPA class transformer
2025-05-14T22:37:47.663-03:00  INFO 27908 --- [thetis] [restartedMain] com.zaxxer.hikari.HikariDataSource       : HikariPool-4 - Starting...
2025-05-14T22:37:47.671-03:00  INFO 27908 --- [thetis] [restartedMain] com.zaxxer.hikari.pool.HikariPool        : HikariPool-4 - Added connection com.mysql.cj.jdbc.ConnectionImpl@6ca8f9f8
2025-05-14T22:37:47.671-03:00  INFO 27908 --- [thetis] [restartedMain] com.zaxxer.hikari.HikariDataSource       : HikariPool-4 - Start completed.
2025-05-14T22:37:47.673-03:00  WARN 27908 --- [thetis] [restartedMain] org.hibernate.orm.deprecation            : HHH90000025: MySQLDialect does not need to be specified explicitly using 'hibernate.dialect' (remove the property setting and it will be selected by default)
2025-05-14T22:37:47.673-03:00  INFO 27908 --- [thetis] [restartedMain] org.hibernate.orm.connections.pooling    : HHH10001005: Database info:
	Database JDBC URL [Connecting through datasource 'HikariDataSource (HikariPool-4)']
	Database driver: undefined/unknown
	Database version: 8.4.5
	Autocommit mode: undefined/unknown
	Isolation level: undefined/unknown
	Minimum pool size: undefined/unknown
	Maximum pool size: undefined/unknown
2025-05-14T22:37:47.726-03:00  INFO 27908 --- [thetis] [restartedMain] o.h.e.t.j.p.i.JtaPlatformInitiator       : HHH000489: No JTA platform available (set 'hibernate.transaction.jta.platform' to enable JTA platform integration)
2025-05-14T22:37:47.766-03:00  INFO 27908 --- [thetis] [restartedMain] j.LocalContainerEntityManagerFactoryBean : Initialized JPA EntityManagerFactory for persistence unit 'default'
2025-05-14T22:37:47.818-03:00  WARN 27908 --- [thetis] [restartedMain] JpaBaseConfiguration$JpaWebConfiguration : spring.jpa.open-in-view is enabled by default. Therefore, database queries may be performed during view rendering. Explicitly configure spring.jpa.open-in-view to disable this warning
2025-05-14T22:37:47.876-03:00  WARN 27908 --- [thetis] [restartedMain] .s.s.UserDetailsServiceAutoConfiguration : 

Using generated security password: 97ea98ef-5eaa-42f6-bed1-0d2faf890f2c

This generated password is for development use only. Your security configuration must be updated before running your application in production.

2025-05-14T22:37:47.876-03:00  INFO 27908 --- [thetis] [restartedMain] r$InitializeUserDetailsManagerConfigurer : Global AuthenticationManager configured with UserDetailsService bean with name inMemoryUserDetailsManager
2025-05-14T22:37:47.888-03:00  INFO 27908 --- [thetis] [restartedMain] o.s.b.d.a.OptionalLiveReloadServer       : LiveReload server is running on port 35729
2025-05-14T22:37:47.892-03:00  INFO 27908 --- [thetis] [restartedMain] o.s.b.w.embedded.tomcat.TomcatWebServer  : Tomcat started on port 8080 (http) with context path '/'
2025-05-14T22:37:47.893-03:00  INFO 27908 --- [thetis] [restartedMain] br.com.fiap.thetis.ThetisApplication     : Started ThetisApplication in 0.409 seconds (process running for 212.215)
2025-05-14T22:38:11.710-03:00  INFO 27908 --- [thetis] [File Watcher] rtingClassPathChangeChangedEventListener : Restarting due to 1 class path change (0 additions, 0 deletions, 1 modification)
2025-05-14T22:38:11.711-03:00  INFO 27908 --- [thetis] [Thread-15] o.s.b.w.e.tomcat.GracefulShutdown        : Commencing graceful shutdown. Waiting for active requests to complete
2025-05-14T22:38:11.713-03:00  INFO 27908 --- [thetis] [tomcat-shutdown] o.s.b.w.e.tomcat.GracefulShutdown        : Graceful shutdown complete
2025-05-14T22:38:11.715-03:00  INFO 27908 --- [thetis] [Thread-15] j.LocalContainerEntityManagerFactoryBean : Closing JPA EntityManagerFactory for persistence unit 'default'
2025-05-14T22:38:11.715-03:00  INFO 27908 --- [thetis] [Thread-15] com.zaxxer.hikari.HikariDataSource       : HikariPool-4 - Shutdown initiated...
2025-05-14T22:38:11.717-03:00  INFO 27908 --- [thetis] [Thread-15] com.zaxxer.hikari.HikariDataSource       : HikariPool-4 - Shutdown completed.
2025-05-14T22:38:11.776-03:00  INFO 27908 --- [thetis] [restartedMain] br.com.fiap.thetis.ThetisApplication     : Starting ThetisApplication using Java 23.0.2 with PID 27908 (C:\Users\Gusma\OneDrive\Documentos\Estudos\thetis\target\classes started by Gusma in C:\Users\Gusma\OneDrive\Documentos\Estudos\thetis)
2025-05-14T22:38:11.776-03:00  INFO 27908 --- [thetis] [restartedMain] br.com.fiap.thetis.ThetisApplication     : The following 1 profile is active: "prod"
2025-05-14T22:38:11.867-03:00  INFO 27908 --- [thetis] [restartedMain] .s.d.r.c.RepositoryConfigurationDelegate : Bootstrapping Spring Data JPA repositories in DEFAULT mode.
2025-05-14T22:38:11.879-03:00  INFO 27908 --- [thetis] [restartedMain] .s.d.r.c.RepositoryConfigurationDelegate : Finished Spring Data repository scanning in 11 ms. Found 8 JPA repository interfaces.
2025-05-14T22:38:11.919-03:00  INFO 27908 --- [thetis] [restartedMain] o.s.b.w.embedded.tomcat.TomcatWebServer  : Tomcat initialized with port 8080 (http)
2025-05-14T22:38:11.920-03:00  INFO 27908 --- [thetis] [restartedMain] o.apache.catalina.core.StandardService   : Starting service [Tomcat]
2025-05-14T22:38:11.920-03:00  INFO 27908 --- [thetis] [restartedMain] o.apache.catalina.core.StandardEngine    : Starting Servlet engine: [Apache Tomcat/10.1.40]
2025-05-14T22:38:11.931-03:00  INFO 27908 --- [thetis] [restartedMain] o.a.c.c.C.[Tomcat].[localhost].[/]       : Initializing Spring embedded WebApplicationContext
2025-05-14T22:38:11.931-03:00  INFO 27908 --- [thetis] [restartedMain] w.s.c.ServletWebServerApplicationContext : Root WebApplicationContext: initialization completed in 154 ms
2025-05-14T22:38:11.948-03:00  INFO 27908 --- [thetis] [restartedMain] o.hibernate.jpa.internal.util.LogHelper  : HHH000204: Processing PersistenceUnitInfo [name: default]
2025-05-14T22:38:11.949-03:00  INFO 27908 --- [thetis] [restartedMain] o.h.c.internal.RegionFactoryInitiator    : HHH000026: Second-level cache disabled
2025-05-14T22:38:11.953-03:00  INFO 27908 --- [thetis] [restartedMain] o.s.o.j.p.SpringPersistenceUnitInfo      : No LoadTimeWeaver setup: ignoring JPA class transformer
2025-05-14T22:38:11.953-03:00  INFO 27908 --- [thetis] [restartedMain] com.zaxxer.hikari.HikariDataSource       : HikariPool-5 - Starting...
2025-05-14T22:38:11.961-03:00  INFO 27908 --- [thetis] [restartedMain] com.zaxxer.hikari.pool.HikariPool        : HikariPool-5 - Added connection com.mysql.cj.jdbc.ConnectionImpl@34225699
2025-05-14T22:38:11.961-03:00  INFO 27908 --- [thetis] [restartedMain] com.zaxxer.hikari.HikariDataSource       : HikariPool-5 - Start completed.
2025-05-14T22:38:11.962-03:00  WARN 27908 --- [thetis] [restartedMain] org.hibernate.orm.deprecation            : HHH90000025: MySQLDialect does not need to be specified explicitly using 'hibernate.dialect' (remove the property setting and it will be selected by default)
2025-05-14T22:38:11.963-03:00  INFO 27908 --- [thetis] [restartedMain] org.hibernate.orm.connections.pooling    : HHH10001005: Database info:
	Database JDBC URL [Connecting through datasource 'HikariDataSource (HikariPool-5)']
	Database driver: undefined/unknown
	Database version: 8.4.5
	Autocommit mode: undefined/unknown
	Isolation level: undefined/unknown
	Minimum pool size: undefined/unknown
	Maximum pool size: undefined/unknown
2025-05-14T22:38:12.013-03:00  INFO 27908 --- [thetis] [restartedMain] o.h.e.t.j.p.i.JtaPlatformInitiator       : HHH000489: No JTA platform available (set 'hibernate.transaction.jta.platform' to enable JTA platform integration)
2025-05-14T22:38:12.054-03:00  INFO 27908 --- [thetis] [restartedMain] j.LocalContainerEntityManagerFactoryBean : Initialized JPA EntityManagerFactory for persistence unit 'default'
2025-05-14T22:38:12.106-03:00  WARN 27908 --- [thetis] [restartedMain] JpaBaseConfiguration$JpaWebConfiguration : spring.jpa.open-in-view is enabled by default. Therefore, database queries may be performed during view rendering. Explicitly configure spring.jpa.open-in-view to disable this warning
2025-05-14T22:38:12.166-03:00  WARN 27908 --- [thetis] [restartedMain] .s.s.UserDetailsServiceAutoConfiguration : 

Using generated security password: 795051d7-455e-40bb-9b17-f4cdc3b6f877

This generated password is for development use only. Your security configuration must be updated before running your application in production.

2025-05-14T22:38:12.167-03:00  INFO 27908 --- [thetis] [restartedMain] r$InitializeUserDetailsManagerConfigurer : Global AuthenticationManager configured with UserDetailsService bean with name inMemoryUserDetailsManager
2025-05-14T22:38:12.176-03:00  INFO 27908 --- [thetis] [restartedMain] o.s.b.d.a.OptionalLiveReloadServer       : LiveReload server is running on port 35729
2025-05-14T22:38:12.180-03:00  INFO 27908 --- [thetis] [restartedMain] o.s.b.w.embedded.tomcat.TomcatWebServer  : Tomcat started on port 8080 (http) with context path '/'
2025-05-14T22:38:12.181-03:00  INFO 27908 --- [thetis] [restartedMain] br.com.fiap.thetis.ThetisApplication     : Started ThetisApplication in 0.419 seconds (process running for 236.504)
2025-05-14T22:38:16.641-03:00  INFO 27908 --- [thetis] [File Watcher] rtingClassPathChangeChangedEventListener : Restarting due to 1 class path change (0 additions, 0 deletions, 1 modification)
2025-05-14T22:38:16.643-03:00  INFO 27908 --- [thetis] [Thread-19] o.s.b.w.e.tomcat.GracefulShutdown        : Commencing graceful shutdown. Waiting for active requests to complete
2025-05-14T22:38:16.644-03:00  INFO 27908 --- [thetis] [tomcat-shutdown] o.s.b.w.e.tomcat.GracefulShutdown        : Graceful shutdown complete
2025-05-14T22:38:16.646-03:00  INFO 27908 --- [thetis] [Thread-19] j.LocalContainerEntityManagerFactoryBean : Closing JPA EntityManagerFactory for persistence unit 'default'
2025-05-14T22:38:16.646-03:00  INFO 27908 --- [thetis] [Thread-19] com.zaxxer.hikari.HikariDataSource       : HikariPool-5 - Shutdown initiated...
2025-05-14T22:38:16.647-03:00  INFO 27908 --- [thetis] [Thread-19] com.zaxxer.hikari.HikariDataSource       : HikariPool-5 - Shutdown completed.
2025-05-14T22:38:16.703-03:00  INFO 27908 --- [thetis] [restartedMain] br.com.fiap.thetis.ThetisApplication     : Starting ThetisApplication using Java 23.0.2 with PID 27908 (C:\Users\Gusma\OneDrive\Documentos\Estudos\thetis\target\classes started by Gusma in C:\Users\Gusma\OneDrive\Documentos\Estudos\thetis)
2025-05-14T22:38:16.703-03:00  INFO 27908 --- [thetis] [restartedMain] br.com.fiap.thetis.ThetisApplication     : The following 1 profile is active: "prod"
2025-05-14T22:38:16.799-03:00  INFO 27908 --- [thetis] [restartedMain] .s.d.r.c.RepositoryConfigurationDelegate : Bootstrapping Spring Data JPA repositories in DEFAULT mode.
2025-05-14T22:38:16.812-03:00  INFO 27908 --- [thetis] [restartedMain] .s.d.r.c.RepositoryConfigurationDelegate : Finished Spring Data repository scanning in 12 ms. Found 8 JPA repository interfaces.
2025-05-14T22:38:16.851-03:00  INFO 27908 --- [thetis] [restartedMain] o.s.b.w.embedded.tomcat.TomcatWebServer  : Tomcat initialized with port 8080 (http)
2025-05-14T22:38:16.851-03:00  INFO 27908 --- [thetis] [restartedMain] o.apache.catalina.core.StandardService   : Starting service [Tomcat]
2025-05-14T22:38:16.851-03:00  INFO 27908 --- [thetis] [restartedMain] o.apache.catalina.core.StandardEngine    : Starting Servlet engine: [Apache Tomcat/10.1.40]
2025-05-14T22:38:16.864-03:00  INFO 27908 --- [thetis] [restartedMain] o.a.c.c.C.[Tomcat].[localhost].[/]       : Initializing Spring embedded WebApplicationContext
2025-05-14T22:38:16.864-03:00  INFO 27908 --- [thetis] [restartedMain] w.s.c.ServletWebServerApplicationContext : Root WebApplicationContext: initialization completed in 161 ms
2025-05-14T22:38:16.879-03:00  INFO 27908 --- [thetis] [restartedMain] o.hibernate.jpa.internal.util.LogHelper  : HHH000204: Processing PersistenceUnitInfo [name: default]
2025-05-14T22:38:16.880-03:00  INFO 27908 --- [thetis] [restartedMain] o.h.c.internal.RegionFactoryInitiator    : HHH000026: Second-level cache disabled
2025-05-14T22:38:16.884-03:00  INFO 27908 --- [thetis] [restartedMain] o.s.o.j.p.SpringPersistenceUnitInfo      : No LoadTimeWeaver setup: ignoring JPA class transformer
2025-05-14T22:38:16.884-03:00  INFO 27908 --- [thetis] [restartedMain] com.zaxxer.hikari.HikariDataSource       : HikariPool-6 - Starting...
2025-05-14T22:38:16.891-03:00  INFO 27908 --- [thetis] [restartedMain] com.zaxxer.hikari.pool.HikariPool        : HikariPool-6 - Added connection com.mysql.cj.jdbc.ConnectionImpl@bea4866
2025-05-14T22:38:16.892-03:00  INFO 27908 --- [thetis] [restartedMain] com.zaxxer.hikari.HikariDataSource       : HikariPool-6 - Start completed.
2025-05-14T22:38:16.893-03:00  WARN 27908 --- [thetis] [restartedMain] org.hibernate.orm.deprecation            : HHH90000025: MySQLDialect does not need to be specified explicitly using 'hibernate.dialect' (remove the property setting and it will be selected by default)
2025-05-14T22:38:16.893-03:00  INFO 27908 --- [thetis] [restartedMain] org.hibernate.orm.connections.pooling    : HHH10001005: Database info:
	Database JDBC URL [Connecting through datasource 'HikariDataSource (HikariPool-6)']
	Database driver: undefined/unknown
	Database version: 8.4.5
	Autocommit mode: undefined/unknown
	Isolation level: undefined/unknown
	Minimum pool size: undefined/unknown
	Maximum pool size: undefined/unknown
2025-05-14T22:38:16.953-03:00  INFO 27908 --- [thetis] [restartedMain] o.h.e.t.j.p.i.JtaPlatformInitiator       : HHH000489: No JTA platform available (set 'hibernate.transaction.jta.platform' to enable JTA platform integration)
2025-05-14T22:38:16.987-03:00  INFO 27908 --- [thetis] [restartedMain] j.LocalContainerEntityManagerFactoryBean : Initialized JPA EntityManagerFactory for persistence unit 'default'
2025-05-14T22:38:17.034-03:00  WARN 27908 --- [thetis] [restartedMain] JpaBaseConfiguration$JpaWebConfiguration : spring.jpa.open-in-view is enabled by default. Therefore, database queries may be performed during view rendering. Explicitly configure spring.jpa.open-in-view to disable this warning
2025-05-14T22:38:17.096-03:00  WARN 27908 --- [thetis] [restartedMain] .s.s.UserDetailsServiceAutoConfiguration : 

Using generated security password: e04030aa-6c4d-4f61-9554-ed827bd47962

This generated password is for development use only. Your security configuration must be updated before running your application in production.

2025-05-14T22:38:17.096-03:00  INFO 27908 --- [thetis] [restartedMain] r$InitializeUserDetailsManagerConfigurer : Global AuthenticationManager configured with UserDetailsService bean with name inMemoryUserDetailsManager
2025-05-14T22:38:17.106-03:00  INFO 27908 --- [thetis] [restartedMain] o.s.b.d.a.OptionalLiveReloadServer       : LiveReload server is running on port 35729
2025-05-14T22:38:17.111-03:00  INFO 27908 --- [thetis] [restartedMain] o.s.b.w.embedded.tomcat.TomcatWebServer  : Tomcat started on port 8080 (http) with context path '/'
2025-05-14T22:38:17.112-03:00  INFO 27908 --- [thetis] [restartedMain] br.com.fiap.thetis.ThetisApplication     : Started ThetisApplication in 0.423 seconds (process running for 241.434)
2025-05-14T22:38:19.557-03:00  INFO 27908 --- [thetis] [File Watcher] rtingClassPathChangeChangedEventListener : Restarting due to 1 class path change (0 additions, 0 deletions, 1 modification)
2025-05-14T22:38:19.558-03:00  INFO 27908 --- [thetis] [Thread-23] o.s.b.w.e.tomcat.GracefulShutdown        : Commencing graceful shutdown. Waiting for active requests to complete
2025-05-14T22:38:19.560-03:00  INFO 27908 --- [thetis] [tomcat-shutdown] o.s.b.w.e.tomcat.GracefulShutdown        : Graceful shutdown complete
2025-05-14T22:38:19.561-03:00  INFO 27908 --- [thetis] [Thread-23] j.LocalContainerEntityManagerFactoryBean : Closing JPA EntityManagerFactory for persistence unit 'default'
2025-05-14T22:38:19.562-03:00  INFO 27908 --- [thetis] [Thread-23] com.zaxxer.hikari.HikariDataSource       : HikariPool-6 - Shutdown initiated...
2025-05-14T22:38:19.562-03:00  INFO 27908 --- [thetis] [Thread-23] com.zaxxer.hikari.HikariDataSource       : HikariPool-6 - Shutdown completed.
2025-05-14T22:38:19.620-03:00  INFO 27908 --- [thetis] [restartedMain] br.com.fiap.thetis.ThetisApplication     : Starting ThetisApplication using Java 23.0.2 with PID 27908 (C:\Users\Gusma\OneDrive\Documentos\Estudos\thetis\target\classes started by Gusma in C:\Users\Gusma\OneDrive\Documentos\Estudos\thetis)
2025-05-14T22:38:19.620-03:00  INFO 27908 --- [thetis] [restartedMain] br.com.fiap.thetis.ThetisApplication     : The following 1 profile is active: "prod"
2025-05-14T22:38:19.712-03:00  INFO 27908 --- [thetis] [restartedMain] .s.d.r.c.RepositoryConfigurationDelegate : Bootstrapping Spring Data JPA repositories in DEFAULT mode.
2025-05-14T22:38:19.728-03:00  INFO 27908 --- [thetis] [restartedMain] .s.d.r.c.RepositoryConfigurationDelegate : Finished Spring Data repository scanning in 15 ms. Found 8 JPA repository interfaces.
2025-05-14T22:38:19.774-03:00  INFO 27908 --- [thetis] [restartedMain] o.s.b.w.embedded.tomcat.TomcatWebServer  : Tomcat initialized with port 8080 (http)
2025-05-14T22:38:19.774-03:00  INFO 27908 --- [thetis] [restartedMain] o.apache.catalina.core.StandardService   : Starting service [Tomcat]
2025-05-14T22:38:19.774-03:00  INFO 27908 --- [thetis] [restartedMain] o.apache.catalina.core.StandardEngine    : Starting Servlet engine: [Apache Tomcat/10.1.40]
2025-05-14T22:38:19.783-03:00  INFO 27908 --- [thetis] [restartedMain] o.a.c.c.C.[Tomcat].[localhost].[/]       : Initializing Spring embedded WebApplicationContext
2025-05-14T22:38:19.783-03:00  INFO 27908 --- [thetis] [restartedMain] w.s.c.ServletWebServerApplicationContext : Root WebApplicationContext: initialization completed in 162 ms
2025-05-14T22:38:19.800-03:00  INFO 27908 --- [thetis] [restartedMain] o.hibernate.jpa.internal.util.LogHelper  : HHH000204: Processing PersistenceUnitInfo [name: default]
2025-05-14T22:38:19.801-03:00  INFO 27908 --- [thetis] [restartedMain] o.h.c.internal.RegionFactoryInitiator    : HHH000026: Second-level cache disabled
2025-05-14T22:38:19.805-03:00  INFO 27908 --- [thetis] [restartedMain] o.s.o.j.p.SpringPersistenceUnitInfo      : No LoadTimeWeaver setup: ignoring JPA class transformer
2025-05-14T22:38:19.806-03:00  INFO 27908 --- [thetis] [restartedMain] com.zaxxer.hikari.HikariDataSource       : HikariPool-7 - Starting...
2025-05-14T22:38:19.814-03:00  INFO 27908 --- [thetis] [restartedMain] com.zaxxer.hikari.pool.HikariPool        : HikariPool-7 - Added connection com.mysql.cj.jdbc.ConnectionImpl@21209029
2025-05-14T22:38:19.814-03:00  INFO 27908 --- [thetis] [restartedMain] com.zaxxer.hikari.HikariDataSource       : HikariPool-7 - Start completed.
2025-05-14T22:38:19.815-03:00  WARN 27908 --- [thetis] [restartedMain] org.hibernate.orm.deprecation            : HHH90000025: MySQLDialect does not need to be specified explicitly using 'hibernate.dialect' (remove the property setting and it will be selected by default)
2025-05-14T22:38:19.815-03:00  INFO 27908 --- [thetis] [restartedMain] org.hibernate.orm.connections.pooling    : HHH10001005: Database info:
	Database JDBC URL [Connecting through datasource 'HikariDataSource (HikariPool-7)']
	Database driver: undefined/unknown
	Database version: 8.4.5
	Autocommit mode: undefined/unknown
	Isolation level: undefined/unknown
	Minimum pool size: undefined/unknown
	Maximum pool size: undefined/unknown
2025-05-14T22:38:19.870-03:00  INFO 27908 --- [thetis] [restartedMain] o.h.e.t.j.p.i.JtaPlatformInitiator       : HHH000489: No JTA platform available (set 'hibernate.transaction.jta.platform' to enable JTA platform integration)
2025-05-14T22:38:19.908-03:00  INFO 27908 --- [thetis] [restartedMain] j.LocalContainerEntityManagerFactoryBean : Initialized JPA EntityManagerFactory for persistence unit 'default'
2025-05-14T22:38:19.957-03:00  WARN 27908 --- [thetis] [restartedMain] JpaBaseConfiguration$JpaWebConfiguration : spring.jpa.open-in-view is enabled by default. Therefore, database queries may be performed during view rendering. Explicitly configure spring.jpa.open-in-view to disable this warning
2025-05-14T22:38:20.018-03:00  WARN 27908 --- [thetis] [restartedMain] .s.s.UserDetailsServiceAutoConfiguration : 

Using generated security password: bf1d0c2c-093a-4331-a348-f0e3fc0cd68c

This generated password is for development use only. Your security configuration must be updated before running your application in production.

2025-05-14T22:38:20.019-03:00  INFO 27908 --- [thetis] [restartedMain] r$InitializeUserDetailsManagerConfigurer : Global AuthenticationManager configured with UserDetailsService bean with name inMemoryUserDetailsManager
2025-05-14T22:38:20.027-03:00  INFO 27908 --- [thetis] [restartedMain] o.s.b.d.a.OptionalLiveReloadServer       : LiveReload server is running on port 35729
2025-05-14T22:38:20.032-03:00  INFO 27908 --- [thetis] [restartedMain] o.s.b.w.embedded.tomcat.TomcatWebServer  : Tomcat started on port 8080 (http) with context path '/'
2025-05-14T22:38:20.033-03:00  INFO 27908 --- [thetis] [restartedMain] br.com.fiap.thetis.ThetisApplication     : Started ThetisApplication in 0.425 seconds (process running for 244.356)
2025-05-14T22:38:21.466-03:00  INFO 27908 --- [thetis] [File Watcher] rtingClassPathChangeChangedEventListener : Restarting due to 1 class path change (0 additions, 0 deletions, 1 modification)
2025-05-14T22:38:21.467-03:00  INFO 27908 --- [thetis] [Thread-27] o.s.b.w.e.tomcat.GracefulShutdown        : Commencing graceful shutdown. Waiting for active requests to complete
2025-05-14T22:38:21.470-03:00  INFO 27908 --- [thetis] [tomcat-shutdown] o.s.b.w.e.tomcat.GracefulShutdown        : Graceful shutdown complete
2025-05-14T22:38:21.471-03:00  INFO 27908 --- [thetis] [Thread-27] j.LocalContainerEntityManagerFactoryBean : Closing JPA EntityManagerFactory for persistence unit 'default'
2025-05-14T22:38:21.471-03:00  INFO 27908 --- [thetis] [Thread-27] com.zaxxer.hikari.HikariDataSource       : HikariPool-7 - Shutdown initiated...
2025-05-14T22:38:21.471-03:00  INFO 27908 --- [thetis] [Thread-27] com.zaxxer.hikari.HikariDataSource       : HikariPool-7 - Shutdown completed.
2025-05-14T22:38:21.518-03:00  INFO 27908 --- [thetis] [restartedMain] br.com.fiap.thetis.ThetisApplication     : Starting ThetisApplication using Java 23.0.2 with PID 27908 (C:\Users\Gusma\OneDrive\Documentos\Estudos\thetis\target\classes started by Gusma in C:\Users\Gusma\OneDrive\Documentos\Estudos\thetis)
2025-05-14T22:38:21.518-03:00  INFO 27908 --- [thetis] [restartedMain] br.com.fiap.thetis.ThetisApplication     : The following 1 profile is active: "prod"
2025-05-14T22:38:21.602-03:00  INFO 27908 --- [thetis] [restartedMain] .s.d.r.c.RepositoryConfigurationDelegate : Bootstrapping Spring Data JPA repositories in DEFAULT mode.
2025-05-14T22:38:21.615-03:00  INFO 27908 --- [thetis] [restartedMain] .s.d.r.c.RepositoryConfigurationDelegate : Finished Spring Data repository scanning in 12 ms. Found 8 JPA repository interfaces.
2025-05-14T22:38:21.652-03:00  INFO 27908 --- [thetis] [restartedMain] o.s.b.w.embedded.tomcat.TomcatWebServer  : Tomcat initialized with port 8080 (http)
2025-05-14T22:38:21.653-03:00  INFO 27908 --- [thetis] [restartedMain] o.apache.catalina.core.StandardService   : Starting service [Tomcat]
2025-05-14T22:38:21.653-03:00  INFO 27908 --- [thetis] [restartedMain] o.apache.catalina.core.StandardEngine    : Starting Servlet engine: [Apache Tomcat/10.1.40]
2025-05-14T22:38:21.662-03:00  INFO 27908 --- [thetis] [restartedMain] o.a.c.c.C.[Tomcat].[localhost].[/]       : Initializing Spring embedded WebApplicationContext
2025-05-14T22:38:21.662-03:00  INFO 27908 --- [thetis] [restartedMain] w.s.c.ServletWebServerApplicationContext : Root WebApplicationContext: initialization completed in 143 ms
2025-05-14T22:38:21.678-03:00  INFO 27908 --- [thetis] [restartedMain] o.hibernate.jpa.internal.util.LogHelper  : HHH000204: Processing PersistenceUnitInfo [name: default]
2025-05-14T22:38:21.680-03:00  INFO 27908 --- [thetis] [restartedMain] o.h.c.internal.RegionFactoryInitiator    : HHH000026: Second-level cache disabled
2025-05-14T22:38:21.683-03:00  INFO 27908 --- [thetis] [restartedMain] o.s.o.j.p.SpringPersistenceUnitInfo      : No LoadTimeWeaver setup: ignoring JPA class transformer
2025-05-14T22:38:21.684-03:00  INFO 27908 --- [thetis] [restartedMain] com.zaxxer.hikari.HikariDataSource       : HikariPool-8 - Starting...
2025-05-14T22:38:21.691-03:00  INFO 27908 --- [thetis] [restartedMain] com.zaxxer.hikari.pool.HikariPool        : HikariPool-8 - Added connection com.mysql.cj.jdbc.ConnectionImpl@7cfc02b9
2025-05-14T22:38:21.691-03:00  INFO 27908 --- [thetis] [restartedMain] com.zaxxer.hikari.HikariDataSource       : HikariPool-8 - Start completed.
2025-05-14T22:38:21.692-03:00  WARN 27908 --- [thetis] [restartedMain] org.hibernate.orm.deprecation            : HHH90000025: MySQLDialect does not need to be specified explicitly using 'hibernate.dialect' (remove the property setting and it will be selected by default)
2025-05-14T22:38:21.692-03:00  INFO 27908 --- [thetis] [restartedMain] org.hibernate.orm.connections.pooling    : HHH10001005: Database info:
	Database JDBC URL [Connecting through datasource 'HikariDataSource (HikariPool-8)']
	Database driver: undefined/unknown
	Database version: 8.4.5
	Autocommit mode: undefined/unknown
	Isolation level: undefined/unknown
	Minimum pool size: undefined/unknown
	Maximum pool size: undefined/unknown
2025-05-14T22:38:21.743-03:00  INFO 27908 --- [thetis] [restartedMain] o.h.e.t.j.p.i.JtaPlatformInitiator       : HHH000489: No JTA platform available (set 'hibernate.transaction.jta.platform' to enable JTA platform integration)
2025-05-14T22:38:21.781-03:00  INFO 27908 --- [thetis] [restartedMain] j.LocalContainerEntityManagerFactoryBean : Initialized JPA EntityManagerFactory for persistence unit 'default'
2025-05-14T22:38:21.833-03:00  WARN 27908 --- [thetis] [restartedMain] JpaBaseConfiguration$JpaWebConfiguration : spring.jpa.open-in-view is enabled by default. Therefore, database queries may be performed during view rendering. Explicitly configure spring.jpa.open-in-view to disable this warning
2025-05-14T22:38:21.902-03:00  WARN 27908 --- [thetis] [restartedMain] .s.s.UserDetailsServiceAutoConfiguration : 

Using generated security password: 2af29fc5-e85b-42e9-b366-a4979e28955d

This generated password is for development use only. Your security configuration must be updated before running your application in production.

2025-05-14T22:38:21.903-03:00  INFO 27908 --- [thetis] [restartedMain] r$InitializeUserDetailsManagerConfigurer : Global AuthenticationManager configured with UserDetailsService bean with name inMemoryUserDetailsManager
2025-05-14T22:38:21.912-03:00  INFO 27908 --- [thetis] [restartedMain] o.s.b.d.a.OptionalLiveReloadServer       : LiveReload server is running on port 35729
2025-05-14T22:38:21.917-03:00  INFO 27908 --- [thetis] [restartedMain] o.s.b.w.embedded.tomcat.TomcatWebServer  : Tomcat started on port 8080 (http) with context path '/'
2025-05-14T22:38:21.918-03:00  INFO 27908 --- [thetis] [restartedMain] br.com.fiap.thetis.ThetisApplication     : Started ThetisApplication in 0.413 seconds (process running for 246.24)
2025-05-14T22:38:27.400-03:00  INFO 27908 --- [thetis] [File Watcher] rtingClassPathChangeChangedEventListener : Restarting due to 1 class path change (0 additions, 0 deletions, 1 modification)
2025-05-14T22:38:27.401-03:00  INFO 27908 --- [thetis] [Thread-31] o.s.b.w.e.tomcat.GracefulShutdown        : Commencing graceful shutdown. Waiting for active requests to complete
2025-05-14T22:38:27.405-03:00  INFO 27908 --- [thetis] [tomcat-shutdown] o.s.b.w.e.tomcat.GracefulShutdown        : Graceful shutdown complete
2025-05-14T22:38:27.405-03:00  INFO 27908 --- [thetis] [Thread-31] j.LocalContainerEntityManagerFactoryBean : Closing JPA EntityManagerFactory for persistence unit 'default'
2025-05-14T22:38:27.405-03:00  INFO 27908 --- [thetis] [Thread-31] com.zaxxer.hikari.HikariDataSource       : HikariPool-8 - Shutdown initiated...
2025-05-14T22:38:27.407-03:00  INFO 27908 --- [thetis] [Thread-31] com.zaxxer.hikari.HikariDataSource       : HikariPool-8 - Shutdown completed.
2025-05-14T22:38:27.455-03:00  INFO 27908 --- [thetis] [restartedMain] br.com.fiap.thetis.ThetisApplication     : Starting ThetisApplication using Java 23.0.2 with PID 27908 (C:\Users\Gusma\OneDrive\Documentos\Estudos\thetis\target\classes started by Gusma in C:\Users\Gusma\OneDrive\Documentos\Estudos\thetis)
2025-05-14T22:38:27.456-03:00  INFO 27908 --- [thetis] [restartedMain] br.com.fiap.thetis.ThetisApplication     : The following 1 profile is active: "prod"
2025-05-14T22:38:27.553-03:00  INFO 27908 --- [thetis] [restartedMain] .s.d.r.c.RepositoryConfigurationDelegate : Bootstrapping Spring Data JPA repositories in DEFAULT mode.
2025-05-14T22:38:27.569-03:00  INFO 27908 --- [thetis] [restartedMain] .s.d.r.c.RepositoryConfigurationDelegate : Finished Spring Data repository scanning in 15 ms. Found 8 JPA repository interfaces.
2025-05-14T22:38:27.606-03:00  INFO 27908 --- [thetis] [restartedMain] o.s.b.w.embedded.tomcat.TomcatWebServer  : Tomcat initialized with port 8080 (http)
2025-05-14T22:38:27.607-03:00  INFO 27908 --- [thetis] [restartedMain] o.apache.catalina.core.StandardService   : Starting service [Tomcat]
2025-05-14T22:38:27.607-03:00  INFO 27908 --- [thetis] [restartedMain] o.apache.catalina.core.StandardEngine    : Starting Servlet engine: [Apache Tomcat/10.1.40]
2025-05-14T22:38:27.615-03:00  INFO 27908 --- [thetis] [restartedMain] o.a.c.c.C.[Tomcat].[localhost].[/]       : Initializing Spring embedded WebApplicationContext
2025-05-14T22:38:27.615-03:00  INFO 27908 --- [thetis] [restartedMain] w.s.c.ServletWebServerApplicationContext : Root WebApplicationContext: initialization completed in 158 ms
2025-05-14T22:38:27.632-03:00  INFO 27908 --- [thetis] [restartedMain] o.hibernate.jpa.internal.util.LogHelper  : HHH000204: Processing PersistenceUnitInfo [name: default]
2025-05-14T22:38:27.633-03:00  INFO 27908 --- [thetis] [restartedMain] o.h.c.internal.RegionFactoryInitiator    : HHH000026: Second-level cache disabled
2025-05-14T22:38:27.635-03:00  INFO 27908 --- [thetis] [restartedMain] o.s.o.j.p.SpringPersistenceUnitInfo      : No LoadTimeWeaver setup: ignoring JPA class transformer
2025-05-14T22:38:27.637-03:00  INFO 27908 --- [thetis] [restartedMain] com.zaxxer.hikari.HikariDataSource       : HikariPool-9 - Starting...
2025-05-14T22:38:27.644-03:00  INFO 27908 --- [thetis] [restartedMain] com.zaxxer.hikari.pool.HikariPool        : HikariPool-9 - Added connection com.mysql.cj.jdbc.ConnectionImpl@7afc4491
2025-05-14T22:38:27.644-03:00  INFO 27908 --- [thetis] [restartedMain] com.zaxxer.hikari.HikariDataSource       : HikariPool-9 - Start completed.
2025-05-14T22:38:27.645-03:00  WARN 27908 --- [thetis] [restartedMain] org.hibernate.orm.deprecation            : HHH90000025: MySQLDialect does not need to be specified explicitly using 'hibernate.dialect' (remove the property setting and it will be selected by default)
2025-05-14T22:38:27.646-03:00  INFO 27908 --- [thetis] [restartedMain] org.hibernate.orm.connections.pooling    : HHH10001005: Database info:
	Database JDBC URL [Connecting through datasource 'HikariDataSource (HikariPool-9)']
	Database driver: undefined/unknown
	Database version: 8.4.5
	Autocommit mode: undefined/unknown
	Isolation level: undefined/unknown
	Minimum pool size: undefined/unknown
	Maximum pool size: undefined/unknown
2025-05-14T22:38:27.693-03:00  INFO 27908 --- [thetis] [restartedMain] o.h.e.t.j.p.i.JtaPlatformInitiator       : HHH000489: No JTA platform available (set 'hibernate.transaction.jta.platform' to enable JTA platform integration)
2025-05-14T22:38:27.725-03:00  INFO 27908 --- [thetis] [restartedMain] j.LocalContainerEntityManagerFactoryBean : Initialized JPA EntityManagerFactory for persistence unit 'default'
2025-05-14T22:38:27.781-03:00  WARN 27908 --- [thetis] [restartedMain] JpaBaseConfiguration$JpaWebConfiguration : spring.jpa.open-in-view is enabled by default. Therefore, database queries may be performed during view rendering. Explicitly configure spring.jpa.open-in-view to disable this warning
2025-05-14T22:38:27.839-03:00  WARN 27908 --- [thetis] [restartedMain] .s.s.UserDetailsServiceAutoConfiguration : 

Using generated security password: b7fc3ba4-abb0-4ac8-bf04-dc7c7ce76a4c

This generated password is for development use only. Your security configuration must be updated before running your application in production.

2025-05-14T22:38:27.839-03:00  INFO 27908 --- [thetis] [restartedMain] r$InitializeUserDetailsManagerConfigurer : Global AuthenticationManager configured with UserDetailsService bean with name inMemoryUserDetailsManager
2025-05-14T22:38:27.848-03:00  INFO 27908 --- [thetis] [restartedMain] o.s.b.d.a.OptionalLiveReloadServer       : LiveReload server is running on port 35729
2025-05-14T22:38:27.853-03:00  INFO 27908 --- [thetis] [restartedMain] o.s.b.w.embedded.tomcat.TomcatWebServer  : Tomcat started on port 8080 (http) with context path '/'
2025-05-14T22:38:27.855-03:00  INFO 27908 --- [thetis] [restartedMain] br.com.fiap.thetis.ThetisApplication     : Started ThetisApplication in 0.411 seconds (process running for 252.177)
2025-05-14T22:38:33.359-03:00  INFO 27908 --- [thetis] [File Watcher] rtingClassPathChangeChangedEventListener : Restarting due to 1 class path change (0 additions, 0 deletions, 1 modification)
2025-05-14T22:38:33.360-03:00  INFO 27908 --- [thetis] [Thread-35] o.s.b.w.e.tomcat.GracefulShutdown        : Commencing graceful shutdown. Waiting for active requests to complete
2025-05-14T22:38:33.363-03:00  INFO 27908 --- [thetis] [tomcat-shutdown] o.s.b.w.e.tomcat.GracefulShutdown        : Graceful shutdown complete
2025-05-14T22:38:33.364-03:00  INFO 27908 --- [thetis] [Thread-35] j.LocalContainerEntityManagerFactoryBean : Closing JPA EntityManagerFactory for persistence unit 'default'
2025-05-14T22:38:33.364-03:00  INFO 27908 --- [thetis] [Thread-35] com.zaxxer.hikari.HikariDataSource       : HikariPool-9 - Shutdown initiated...
2025-05-14T22:38:33.366-03:00  INFO 27908 --- [thetis] [Thread-35] com.zaxxer.hikari.HikariDataSource       : HikariPool-9 - Shutdown completed.
2025-05-14T22:38:33.427-03:00  INFO 27908 --- [thetis] [restartedMain] br.com.fiap.thetis.ThetisApplication     : Starting ThetisApplication using Java 23.0.2 with PID 27908 (C:\Users\Gusma\OneDrive\Documentos\Estudos\thetis\target\classes started by Gusma in C:\Users\Gusma\OneDrive\Documentos\Estudos\thetis)
2025-05-14T22:38:33.427-03:00  INFO 27908 --- [thetis] [restartedMain] br.com.fiap.thetis.ThetisApplication     : The following 1 profile is active: "prod"
2025-05-14T22:38:33.516-03:00  INFO 27908 --- [thetis] [restartedMain] .s.d.r.c.RepositoryConfigurationDelegate : Bootstrapping Spring Data JPA repositories in DEFAULT mode.
2025-05-14T22:38:33.528-03:00  INFO 27908 --- [thetis] [restartedMain] .s.d.r.c.RepositoryConfigurationDelegate : Finished Spring Data repository scanning in 11 ms. Found 8 JPA repository interfaces.
2025-05-14T22:38:33.565-03:00  INFO 27908 --- [thetis] [restartedMain] o.s.b.w.embedded.tomcat.TomcatWebServer  : Tomcat initialized with port 8080 (http)
2025-05-14T22:38:33.566-03:00  INFO 27908 --- [thetis] [restartedMain] o.apache.catalina.core.StandardService   : Starting service [Tomcat]
2025-05-14T22:38:33.566-03:00  INFO 27908 --- [thetis] [restartedMain] o.apache.catalina.core.StandardEngine    : Starting Servlet engine: [Apache Tomcat/10.1.40]
2025-05-14T22:38:33.575-03:00  INFO 27908 --- [thetis] [restartedMain] o.a.c.c.C.[Tomcat].[localhost].[/]       : Initializing Spring embedded WebApplicationContext
2025-05-14T22:38:33.575-03:00  INFO 27908 --- [thetis] [restartedMain] w.s.c.ServletWebServerApplicationContext : Root WebApplicationContext: initialization completed in 147 ms
2025-05-14T22:38:33.589-03:00  INFO 27908 --- [thetis] [restartedMain] o.hibernate.jpa.internal.util.LogHelper  : HHH000204: Processing PersistenceUnitInfo [name: default]
2025-05-14T22:38:33.590-03:00  INFO 27908 --- [thetis] [restartedMain] o.h.c.internal.RegionFactoryInitiator    : HHH000026: Second-level cache disabled
2025-05-14T22:38:33.595-03:00  INFO 27908 --- [thetis] [restartedMain] o.s.o.j.p.SpringPersistenceUnitInfo      : No LoadTimeWeaver setup: ignoring JPA class transformer
2025-05-14T22:38:33.595-03:00  INFO 27908 --- [thetis] [restartedMain] com.zaxxer.hikari.HikariDataSource       : HikariPool-10 - Starting...
2025-05-14T22:38:33.604-03:00  INFO 27908 --- [thetis] [restartedMain] com.zaxxer.hikari.pool.HikariPool        : HikariPool-10 - Added connection com.mysql.cj.jdbc.ConnectionImpl@21427300
2025-05-14T22:38:33.604-03:00  INFO 27908 --- [thetis] [restartedMain] com.zaxxer.hikari.HikariDataSource       : HikariPool-10 - Start completed.
2025-05-14T22:38:33.605-03:00  WARN 27908 --- [thetis] [restartedMain] org.hibernate.orm.deprecation            : HHH90000025: MySQLDialect does not need to be specified explicitly using 'hibernate.dialect' (remove the property setting and it will be selected by default)
2025-05-14T22:38:33.605-03:00  INFO 27908 --- [thetis] [restartedMain] org.hibernate.orm.connections.pooling    : HHH10001005: Database info:
	Database JDBC URL [Connecting through datasource 'HikariDataSource (HikariPool-10)']
	Database driver: undefined/unknown
	Database version: 8.4.5
	Autocommit mode: undefined/unknown
	Isolation level: undefined/unknown
	Minimum pool size: undefined/unknown
	Maximum pool size: undefined/unknown
2025-05-14T22:38:33.652-03:00  INFO 27908 --- [thetis] [restartedMain] o.h.e.t.j.p.i.JtaPlatformInitiator       : HHH000489: No JTA platform available (set 'hibernate.transaction.jta.platform' to enable JTA platform integration)
2025-05-14T22:38:33.691-03:00  INFO 27908 --- [thetis] [restartedMain] j.LocalContainerEntityManagerFactoryBean : Initialized JPA EntityManagerFactory for persistence unit 'default'
2025-05-14T22:38:33.753-03:00  WARN 27908 --- [thetis] [restartedMain] JpaBaseConfiguration$JpaWebConfiguration : spring.jpa.open-in-view is enabled by default. Therefore, database queries may be performed during view rendering. Explicitly configure spring.jpa.open-in-view to disable this warning
2025-05-14T22:38:33.814-03:00  WARN 27908 --- [thetis] [restartedMain] .s.s.UserDetailsServiceAutoConfiguration : 

Using generated security password: cbf27f40-445e-46c3-9f41-f7ce8e8e3604

This generated password is for development use only. Your security configuration must be updated before running your application in production.

2025-05-14T22:38:33.814-03:00  INFO 27908 --- [thetis] [restartedMain] r$InitializeUserDetailsManagerConfigurer : Global AuthenticationManager configured with UserDetailsService bean with name inMemoryUserDetailsManager
2025-05-14T22:38:33.827-03:00  INFO 27908 --- [thetis] [restartedMain] o.s.b.d.a.OptionalLiveReloadServer       : LiveReload server is running on port 35729
2025-05-14T22:38:33.832-03:00  INFO 27908 --- [thetis] [restartedMain] o.s.b.w.embedded.tomcat.TomcatWebServer  : Tomcat started on port 8080 (http) with context path '/'
2025-05-14T22:38:33.833-03:00  INFO 27908 --- [thetis] [restartedMain] br.com.fiap.thetis.ThetisApplication     : Started ThetisApplication in 0.422 seconds (process running for 258.155)
2025-05-14T22:39:02.699-03:00  INFO 27908 --- [thetis] [File Watcher] rtingClassPathChangeChangedEventListener : Restarting due to 1 class path change (0 additions, 0 deletions, 1 modification)
2025-05-14T22:39:02.700-03:00  INFO 27908 --- [thetis] [Thread-39] o.s.b.w.e.tomcat.GracefulShutdown        : Commencing graceful shutdown. Waiting for active requests to complete
2025-05-14T22:39:02.702-03:00  INFO 27908 --- [thetis] [tomcat-shutdown] o.s.b.w.e.tomcat.GracefulShutdown        : Graceful shutdown complete
2025-05-14T22:39:02.703-03:00  INFO 27908 --- [thetis] [Thread-39] j.LocalContainerEntityManagerFactoryBean : Closing JPA EntityManagerFactory for persistence unit 'default'
2025-05-14T22:39:02.703-03:00  INFO 27908 --- [thetis] [Thread-39] com.zaxxer.hikari.HikariDataSource       : HikariPool-10 - Shutdown initiated...
2025-05-14T22:39:02.705-03:00  INFO 27908 --- [thetis] [Thread-39] com.zaxxer.hikari.HikariDataSource       : HikariPool-10 - Shutdown completed.
2025-05-14T22:39:02.754-03:00  INFO 27908 --- [thetis] [restartedMain] br.com.fiap.thetis.ThetisApplication     : Starting ThetisApplication using Java 23.0.2 with PID 27908 (C:\Users\Gusma\OneDrive\Documentos\Estudos\thetis\target\classes started by Gusma in C:\Users\Gusma\OneDrive\Documentos\Estudos\thetis)
2025-05-14T22:39:02.754-03:00  INFO 27908 --- [thetis] [restartedMain] br.com.fiap.thetis.ThetisApplication     : The following 1 profile is active: "prod"
2025-05-14T22:39:02.835-03:00  INFO 27908 --- [thetis] [restartedMain] .s.d.r.c.RepositoryConfigurationDelegate : Bootstrapping Spring Data JPA repositories in DEFAULT mode.
2025-05-14T22:39:02.849-03:00  INFO 27908 --- [thetis] [restartedMain] .s.d.r.c.RepositoryConfigurationDelegate : Finished Spring Data repository scanning in 13 ms. Found 8 JPA repository interfaces.
2025-05-14T22:39:02.893-03:00  INFO 27908 --- [thetis] [restartedMain] o.s.b.w.embedded.tomcat.TomcatWebServer  : Tomcat initialized with port 8080 (http)
2025-05-14T22:39:02.893-03:00  INFO 27908 --- [thetis] [restartedMain] o.apache.catalina.core.StandardService   : Starting service [Tomcat]
2025-05-14T22:39:02.893-03:00  INFO 27908 --- [thetis] [restartedMain] o.apache.catalina.core.StandardEngine    : Starting Servlet engine: [Apache Tomcat/10.1.40]
2025-05-14T22:39:02.903-03:00  INFO 27908 --- [thetis] [restartedMain] o.a.c.c.C.[Tomcat].[localhost].[/]       : Initializing Spring embedded WebApplicationContext
2025-05-14T22:39:02.903-03:00  INFO 27908 --- [thetis] [restartedMain] w.s.c.ServletWebServerApplicationContext : Root WebApplicationContext: initialization completed in 148 ms
2025-05-14T22:39:02.918-03:00  INFO 27908 --- [thetis] [restartedMain] o.hibernate.jpa.internal.util.LogHelper  : HHH000204: Processing PersistenceUnitInfo [name: default]
2025-05-14T22:39:02.919-03:00  INFO 27908 --- [thetis] [restartedMain] o.h.c.internal.RegionFactoryInitiator    : HHH000026: Second-level cache disabled
2025-05-14T22:39:02.923-03:00  INFO 27908 --- [thetis] [restartedMain] o.s.o.j.p.SpringPersistenceUnitInfo      : No LoadTimeWeaver setup: ignoring JPA class transformer
2025-05-14T22:39:02.923-03:00  INFO 27908 --- [thetis] [restartedMain] com.zaxxer.hikari.HikariDataSource       : HikariPool-11 - Starting...
2025-05-14T22:39:02.932-03:00  INFO 27908 --- [thetis] [restartedMain] com.zaxxer.hikari.pool.HikariPool        : HikariPool-11 - Added connection com.mysql.cj.jdbc.ConnectionImpl@31ee1d24
2025-05-14T22:39:02.932-03:00  INFO 27908 --- [thetis] [restartedMain] com.zaxxer.hikari.HikariDataSource       : HikariPool-11 - Start completed.
2025-05-14T22:39:02.933-03:00  WARN 27908 --- [thetis] [restartedMain] org.hibernate.orm.deprecation            : HHH90000025: MySQLDialect does not need to be specified explicitly using 'hibernate.dialect' (remove the property setting and it will be selected by default)
2025-05-14T22:39:02.933-03:00  INFO 27908 --- [thetis] [restartedMain] org.hibernate.orm.connections.pooling    : HHH10001005: Database info:
	Database JDBC URL [Connecting through datasource 'HikariDataSource (HikariPool-11)']
	Database driver: undefined/unknown
	Database version: 8.4.5
	Autocommit mode: undefined/unknown
	Isolation level: undefined/unknown
	Minimum pool size: undefined/unknown
	Maximum pool size: undefined/unknown
2025-05-14T22:39:02.982-03:00  INFO 27908 --- [thetis] [restartedMain] o.h.e.t.j.p.i.JtaPlatformInitiator       : HHH000489: No JTA platform available (set 'hibernate.transaction.jta.platform' to enable JTA platform integration)
2025-05-14T22:39:03.017-03:00  INFO 27908 --- [thetis] [restartedMain] j.LocalContainerEntityManagerFactoryBean : Initialized JPA EntityManagerFactory for persistence unit 'default'
2025-05-14T22:39:03.071-03:00  WARN 27908 --- [thetis] [restartedMain] JpaBaseConfiguration$JpaWebConfiguration : spring.jpa.open-in-view is enabled by default. Therefore, database queries may be performed during view rendering. Explicitly configure spring.jpa.open-in-view to disable this warning
2025-05-14T22:39:03.127-03:00  WARN 27908 --- [thetis] [restartedMain] .s.s.UserDetailsServiceAutoConfiguration : 

Using generated security password: b488edac-7870-4264-8433-3d6ebc27bcb3

This generated password is for development use only. Your security configuration must be updated before running your application in production.

2025-05-14T22:39:03.127-03:00  INFO 27908 --- [thetis] [restartedMain] r$InitializeUserDetailsManagerConfigurer : Global AuthenticationManager configured with UserDetailsService bean with name inMemoryUserDetailsManager
2025-05-14T22:39:03.139-03:00  INFO 27908 --- [thetis] [restartedMain] o.s.b.d.a.OptionalLiveReloadServer       : LiveReload server is running on port 35729
2025-05-14T22:39:03.145-03:00  INFO 27908 --- [thetis] [restartedMain] o.s.b.w.embedded.tomcat.TomcatWebServer  : Tomcat started on port 8080 (http) with context path '/'
2025-05-14T22:39:03.147-03:00  INFO 27908 --- [thetis] [restartedMain] br.com.fiap.thetis.ThetisApplication     : Started ThetisApplication in 0.406 seconds (process running for 287.469)
2025-05-14T22:39:07.604-03:00  INFO 27908 --- [thetis] [File Watcher] rtingClassPathChangeChangedEventListener : Restarting due to 1 class path change (0 additions, 0 deletions, 1 modification)
2025-05-14T22:39:07.605-03:00  INFO 27908 --- [thetis] [Thread-43] o.s.b.w.e.tomcat.GracefulShutdown        : Commencing graceful shutdown. Waiting for active requests to complete
2025-05-14T22:39:07.608-03:00  INFO 27908 --- [thetis] [tomcat-shutdown] o.s.b.w.e.tomcat.GracefulShutdown        : Graceful shutdown complete
2025-05-14T22:39:07.609-03:00  INFO 27908 --- [thetis] [Thread-43] j.LocalContainerEntityManagerFactoryBean : Closing JPA EntityManagerFactory for persistence unit 'default'
2025-05-14T22:39:07.609-03:00  INFO 27908 --- [thetis] [Thread-43] com.zaxxer.hikari.HikariDataSource       : HikariPool-11 - Shutdown initiated...
2025-05-14T22:39:07.610-03:00  INFO 27908 --- [thetis] [Thread-43] com.zaxxer.hikari.HikariDataSource       : HikariPool-11 - Shutdown completed.
2025-05-14T22:39:07.667-03:00  INFO 27908 --- [thetis] [restartedMain] br.com.fiap.thetis.ThetisApplication     : Starting ThetisApplication using Java 23.0.2 with PID 27908 (C:\Users\Gusma\OneDrive\Documentos\Estudos\thetis\target\classes started by Gusma in C:\Users\Gusma\OneDrive\Documentos\Estudos\thetis)
2025-05-14T22:39:07.668-03:00  INFO 27908 --- [thetis] [restartedMain] br.com.fiap.thetis.ThetisApplication     : The following 1 profile is active: "prod"
2025-05-14T22:39:07.749-03:00  INFO 27908 --- [thetis] [restartedMain] .s.d.r.c.RepositoryConfigurationDelegate : Bootstrapping Spring Data JPA repositories in DEFAULT mode.
2025-05-14T22:39:07.761-03:00  INFO 27908 --- [thetis] [restartedMain] .s.d.r.c.RepositoryConfigurationDelegate : Finished Spring Data repository scanning in 11 ms. Found 8 JPA repository interfaces.
2025-05-14T22:39:07.796-03:00  INFO 27908 --- [thetis] [restartedMain] o.s.b.w.embedded.tomcat.TomcatWebServer  : Tomcat initialized with port 8080 (http)
2025-05-14T22:39:07.796-03:00  INFO 27908 --- [thetis] [restartedMain] o.apache.catalina.core.StandardService   : Starting service [Tomcat]
2025-05-14T22:39:07.796-03:00  INFO 27908 --- [thetis] [restartedMain] o.apache.catalina.core.StandardEngine    : Starting Servlet engine: [Apache Tomcat/10.1.40]
2025-05-14T22:39:07.805-03:00  INFO 27908 --- [thetis] [restartedMain] o.a.c.c.C.[Tomcat].[localhost].[/]       : Initializing Spring embedded WebApplicationContext
2025-05-14T22:39:07.805-03:00  INFO 27908 --- [thetis] [restartedMain] w.s.c.ServletWebServerApplicationContext : Root WebApplicationContext: initialization completed in 136 ms
2025-05-14T22:39:07.817-03:00  INFO 27908 --- [thetis] [restartedMain] o.hibernate.jpa.internal.util.LogHelper  : HHH000204: Processing PersistenceUnitInfo [name: default]
2025-05-14T22:39:07.819-03:00  INFO 27908 --- [thetis] [restartedMain] o.h.c.internal.RegionFactoryInitiator    : HHH000026: Second-level cache disabled
2025-05-14T22:39:07.823-03:00  INFO 27908 --- [thetis] [restartedMain] o.s.o.j.p.SpringPersistenceUnitInfo      : No LoadTimeWeaver setup: ignoring JPA class transformer
2025-05-14T22:39:07.823-03:00  INFO 27908 --- [thetis] [restartedMain] com.zaxxer.hikari.HikariDataSource       : HikariPool-12 - Starting...
2025-05-14T22:39:07.830-03:00  INFO 27908 --- [thetis] [restartedMain] com.zaxxer.hikari.pool.HikariPool        : HikariPool-12 - Added connection com.mysql.cj.jdbc.ConnectionImpl@61bade23
2025-05-14T22:39:07.830-03:00  INFO 27908 --- [thetis] [restartedMain] com.zaxxer.hikari.HikariDataSource       : HikariPool-12 - Start completed.
2025-05-14T22:39:07.831-03:00  WARN 27908 --- [thetis] [restartedMain] org.hibernate.orm.deprecation            : HHH90000025: MySQLDialect does not need to be specified explicitly using 'hibernate.dialect' (remove the property setting and it will be selected by default)
2025-05-14T22:39:07.831-03:00  INFO 27908 --- [thetis] [restartedMain] org.hibernate.orm.connections.pooling    : HHH10001005: Database info:
	Database JDBC URL [Connecting through datasource 'HikariDataSource (HikariPool-12)']
	Database driver: undefined/unknown
	Database version: 8.4.5
	Autocommit mode: undefined/unknown
	Isolation level: undefined/unknown
	Minimum pool size: undefined/unknown
	Maximum pool size: undefined/unknown
2025-05-14T22:39:07.879-03:00  INFO 27908 --- [thetis] [restartedMain] o.h.e.t.j.p.i.JtaPlatformInitiator       : HHH000489: No JTA platform available (set 'hibernate.transaction.jta.platform' to enable JTA platform integration)
2025-05-14T22:39:07.910-03:00  INFO 27908 --- [thetis] [restartedMain] j.LocalContainerEntityManagerFactoryBean : Initialized JPA EntityManagerFactory for persistence unit 'default'
2025-05-14T22:39:07.966-03:00  WARN 27908 --- [thetis] [restartedMain] JpaBaseConfiguration$JpaWebConfiguration : spring.jpa.open-in-view is enabled by default. Therefore, database queries may be performed during view rendering. Explicitly configure spring.jpa.open-in-view to disable this warning
2025-05-14T22:39:08.023-03:00  WARN 27908 --- [thetis] [restartedMain] .s.s.UserDetailsServiceAutoConfiguration : 

Using generated security password: d2653b1e-a5f7-4410-bdec-a2a68ba6bdd6

This generated password is for development use only. Your security configuration must be updated before running your application in production.

2025-05-14T22:39:08.024-03:00  INFO 27908 --- [thetis] [restartedMain] r$InitializeUserDetailsManagerConfigurer : Global AuthenticationManager configured with UserDetailsService bean with name inMemoryUserDetailsManager
2025-05-14T22:39:08.033-03:00  INFO 27908 --- [thetis] [restartedMain] o.s.b.d.a.OptionalLiveReloadServer       : LiveReload server is running on port 35729
2025-05-14T22:39:08.038-03:00  INFO 27908 --- [thetis] [restartedMain] o.s.b.w.embedded.tomcat.TomcatWebServer  : Tomcat started on port 8080 (http) with context path '/'
2025-05-14T22:39:08.039-03:00  INFO 27908 --- [thetis] [restartedMain] br.com.fiap.thetis.ThetisApplication     : Started ThetisApplication in 0.384 seconds (process running for 292.361)
2025-05-14T22:39:28.833-03:00  INFO 27908 --- [thetis] [File Watcher] rtingClassPathChangeChangedEventListener : Restarting due to 2 class path changes (0 additions, 0 deletions, 2 modifications)
2025-05-14T22:39:28.834-03:00  INFO 27908 --- [thetis] [Thread-47] o.s.b.w.e.tomcat.GracefulShutdown        : Commencing graceful shutdown. Waiting for active requests to complete
2025-05-14T22:39:28.836-03:00  INFO 27908 --- [thetis] [tomcat-shutdown] o.s.b.w.e.tomcat.GracefulShutdown        : Graceful shutdown complete
2025-05-14T22:39:28.837-03:00  INFO 27908 --- [thetis] [Thread-47] j.LocalContainerEntityManagerFactoryBean : Closing JPA EntityManagerFactory for persistence unit 'default'
2025-05-14T22:39:28.837-03:00  INFO 27908 --- [thetis] [Thread-47] com.zaxxer.hikari.HikariDataSource       : HikariPool-12 - Shutdown initiated...
2025-05-14T22:39:28.838-03:00  INFO 27908 --- [thetis] [Thread-47] com.zaxxer.hikari.HikariDataSource       : HikariPool-12 - Shutdown completed.
2025-05-14T22:39:28.892-03:00  INFO 27908 --- [thetis] [restartedMain] br.com.fiap.thetis.ThetisApplication     : Starting ThetisApplication using Java 23.0.2 with PID 27908 (C:\Users\Gusma\OneDrive\Documentos\Estudos\thetis\target\classes started by Gusma in C:\Users\Gusma\OneDrive\Documentos\Estudos\thetis)
2025-05-14T22:39:28.892-03:00  INFO 27908 --- [thetis] [restartedMain] br.com.fiap.thetis.ThetisApplication     : The following 1 profile is active: "prod"
2025-05-14T22:39:28.981-03:00  INFO 27908 --- [thetis] [restartedMain] .s.d.r.c.RepositoryConfigurationDelegate : Bootstrapping Spring Data JPA repositories in DEFAULT mode.
2025-05-14T22:39:28.995-03:00  INFO 27908 --- [thetis] [restartedMain] .s.d.r.c.RepositoryConfigurationDelegate : Finished Spring Data repository scanning in 13 ms. Found 8 JPA repository interfaces.
2025-05-14T22:39:29.040-03:00  INFO 27908 --- [thetis] [restartedMain] o.s.b.w.embedded.tomcat.TomcatWebServer  : Tomcat initialized with port 8080 (http)
2025-05-14T22:39:29.040-03:00  INFO 27908 --- [thetis] [restartedMain] o.apache.catalina.core.StandardService   : Starting service [Tomcat]
2025-05-14T22:39:29.041-03:00  INFO 27908 --- [thetis] [restartedMain] o.apache.catalina.core.StandardEngine    : Starting Servlet engine: [Apache Tomcat/10.1.40]
2025-05-14T22:39:29.049-03:00  INFO 27908 --- [thetis] [restartedMain] o.a.c.c.C.[Tomcat].[localhost].[/]       : Initializing Spring embedded WebApplicationContext
2025-05-14T22:39:29.049-03:00  INFO 27908 --- [thetis] [restartedMain] w.s.c.ServletWebServerApplicationContext : Root WebApplicationContext: initialization completed in 156 ms
2025-05-14T22:39:29.065-03:00  INFO 27908 --- [thetis] [restartedMain] o.hibernate.jpa.internal.util.LogHelper  : HHH000204: Processing PersistenceUnitInfo [name: default]
2025-05-14T22:39:29.066-03:00  INFO 27908 --- [thetis] [restartedMain] o.h.c.internal.RegionFactoryInitiator    : HHH000026: Second-level cache disabled
2025-05-14T22:39:29.071-03:00  INFO 27908 --- [thetis] [restartedMain] o.s.o.j.p.SpringPersistenceUnitInfo      : No LoadTimeWeaver setup: ignoring JPA class transformer
2025-05-14T22:39:29.072-03:00  INFO 27908 --- [thetis] [restartedMain] com.zaxxer.hikari.HikariDataSource       : HikariPool-13 - Starting...
2025-05-14T22:39:29.079-03:00  INFO 27908 --- [thetis] [restartedMain] com.zaxxer.hikari.pool.HikariPool        : HikariPool-13 - Added connection com.mysql.cj.jdbc.ConnectionImpl@783770a5
2025-05-14T22:39:29.079-03:00  INFO 27908 --- [thetis] [restartedMain] com.zaxxer.hikari.HikariDataSource       : HikariPool-13 - Start completed.
2025-05-14T22:39:29.080-03:00  WARN 27908 --- [thetis] [restartedMain] org.hibernate.orm.deprecation            : HHH90000025: MySQLDialect does not need to be specified explicitly using 'hibernate.dialect' (remove the property setting and it will be selected by default)
2025-05-14T22:39:29.080-03:00  INFO 27908 --- [thetis] [restartedMain] org.hibernate.orm.connections.pooling    : HHH10001005: Database info:
	Database JDBC URL [Connecting through datasource 'HikariDataSource (HikariPool-13)']
	Database driver: undefined/unknown
	Database version: 8.4.5
	Autocommit mode: undefined/unknown
	Isolation level: undefined/unknown
	Minimum pool size: undefined/unknown
	Maximum pool size: undefined/unknown
2025-05-14T22:39:29.132-03:00  INFO 27908 --- [thetis] [restartedMain] o.h.e.t.j.p.i.JtaPlatformInitiator       : HHH000489: No JTA platform available (set 'hibernate.transaction.jta.platform' to enable JTA platform integration)
2025-05-14T22:39:29.166-03:00  INFO 27908 --- [thetis] [restartedMain] j.LocalContainerEntityManagerFactoryBean : Initialized JPA EntityManagerFactory for persistence unit 'default'
2025-05-14T22:39:29.232-03:00  WARN 27908 --- [thetis] [restartedMain] JpaBaseConfiguration$JpaWebConfiguration : spring.jpa.open-in-view is enabled by default. Therefore, database queries may be performed during view rendering. Explicitly configure spring.jpa.open-in-view to disable this warning
2025-05-14T22:39:29.294-03:00  WARN 27908 --- [thetis] [restartedMain] .s.s.UserDetailsServiceAutoConfiguration : 

Using generated security password: 44751ed5-0035-4c0c-909f-984ce7011e32

This generated password is for development use only. Your security configuration must be updated before running your application in production.

2025-05-14T22:39:29.295-03:00  INFO 27908 --- [thetis] [restartedMain] r$InitializeUserDetailsManagerConfigurer : Global AuthenticationManager configured with UserDetailsService bean with name inMemoryUserDetailsManager
2025-05-14T22:39:29.303-03:00  INFO 27908 --- [thetis] [restartedMain] o.s.b.d.a.OptionalLiveReloadServer       : LiveReload server is running on port 35729
2025-05-14T22:39:29.308-03:00  INFO 27908 --- [thetis] [restartedMain] o.s.b.w.embedded.tomcat.TomcatWebServer  : Tomcat started on port 8080 (http) with context path '/'
2025-05-14T22:39:29.309-03:00  INFO 27908 --- [thetis] [restartedMain] br.com.fiap.thetis.ThetisApplication     : Started ThetisApplication in 0.43 seconds (process running for 313.632)
2025-05-14T22:39:30.735-03:00  INFO 27908 --- [thetis] [File Watcher] rtingClassPathChangeChangedEventListener : Restarting due to 2 class path changes (0 additions, 0 deletions, 2 modifications)
2025-05-14T22:39:30.735-03:00  INFO 27908 --- [thetis] [Thread-51] o.s.b.w.e.tomcat.GracefulShutdown        : Commencing graceful shutdown. Waiting for active requests to complete
2025-05-14T22:39:30.737-03:00  INFO 27908 --- [thetis] [tomcat-shutdown] o.s.b.w.e.tomcat.GracefulShutdown        : Graceful shutdown complete
2025-05-14T22:39:30.738-03:00  INFO 27908 --- [thetis] [Thread-51] j.LocalContainerEntityManagerFactoryBean : Closing JPA EntityManagerFactory for persistence unit 'default'
2025-05-14T22:39:30.738-03:00  INFO 27908 --- [thetis] [Thread-51] com.zaxxer.hikari.HikariDataSource       : HikariPool-13 - Shutdown initiated...
2025-05-14T22:39:30.740-03:00  INFO 27908 --- [thetis] [Thread-51] com.zaxxer.hikari.HikariDataSource       : HikariPool-13 - Shutdown completed.
2025-05-14T22:39:30.800-03:00  INFO 27908 --- [thetis] [restartedMain] br.com.fiap.thetis.ThetisApplication     : Starting ThetisApplication using Java 23.0.2 with PID 27908 (C:\Users\Gusma\OneDrive\Documentos\Estudos\thetis\target\classes started by Gusma in C:\Users\Gusma\OneDrive\Documentos\Estudos\thetis)
2025-05-14T22:39:30.800-03:00  INFO 27908 --- [thetis] [restartedMain] br.com.fiap.thetis.ThetisApplication     : The following 1 profile is active: "prod"
2025-05-14T22:39:30.884-03:00  INFO 27908 --- [thetis] [restartedMain] .s.d.r.c.RepositoryConfigurationDelegate : Bootstrapping Spring Data JPA repositories in DEFAULT mode.
2025-05-14T22:39:30.896-03:00  INFO 27908 --- [thetis] [restartedMain] .s.d.r.c.RepositoryConfigurationDelegate : Finished Spring Data repository scanning in 12 ms. Found 8 JPA repository interfaces.
2025-05-14T22:39:30.933-03:00  INFO 27908 --- [thetis] [restartedMain] o.s.b.w.embedded.tomcat.TomcatWebServer  : Tomcat initialized with port 8080 (http)
2025-05-14T22:39:30.933-03:00  INFO 27908 --- [thetis] [restartedMain] o.apache.catalina.core.StandardService   : Starting service [Tomcat]
2025-05-14T22:39:30.933-03:00  INFO 27908 --- [thetis] [restartedMain] o.apache.catalina.core.StandardEngine    : Starting Servlet engine: [Apache Tomcat/10.1.40]
2025-05-14T22:39:30.941-03:00  INFO 27908 --- [thetis] [restartedMain] o.a.c.c.C.[Tomcat].[localhost].[/]       : Initializing Spring embedded WebApplicationContext
2025-05-14T22:39:30.941-03:00  INFO 27908 --- [thetis] [restartedMain] w.s.c.ServletWebServerApplicationContext : Root WebApplicationContext: initialization completed in 140 ms
2025-05-14T22:39:30.955-03:00  INFO 27908 --- [thetis] [restartedMain] o.hibernate.jpa.internal.util.LogHelper  : HHH000204: Processing PersistenceUnitInfo [name: default]
2025-05-14T22:39:30.956-03:00  INFO 27908 --- [thetis] [restartedMain] o.h.c.internal.RegionFactoryInitiator    : HHH000026: Second-level cache disabled
2025-05-14T22:39:30.959-03:00  INFO 27908 --- [thetis] [restartedMain] o.s.o.j.p.SpringPersistenceUnitInfo      : No LoadTimeWeaver setup: ignoring JPA class transformer
2025-05-14T22:39:30.959-03:00  INFO 27908 --- [thetis] [restartedMain] com.zaxxer.hikari.HikariDataSource       : HikariPool-14 - Starting...
2025-05-14T22:39:30.967-03:00  INFO 27908 --- [thetis] [restartedMain] com.zaxxer.hikari.pool.HikariPool        : HikariPool-14 - Added connection com.mysql.cj.jdbc.ConnectionImpl@4375866b
2025-05-14T22:39:30.967-03:00  INFO 27908 --- [thetis] [restartedMain] com.zaxxer.hikari.HikariDataSource       : HikariPool-14 - Start completed.
2025-05-14T22:39:30.968-03:00  WARN 27908 --- [thetis] [restartedMain] org.hibernate.orm.deprecation            : HHH90000025: MySQLDialect does not need to be specified explicitly using 'hibernate.dialect' (remove the property setting and it will be selected by default)
2025-05-14T22:39:30.968-03:00  INFO 27908 --- [thetis] [restartedMain] org.hibernate.orm.connections.pooling    : HHH10001005: Database info:
	Database JDBC URL [Connecting through datasource 'HikariDataSource (HikariPool-14)']
	Database driver: undefined/unknown
	Database version: 8.4.5
	Autocommit mode: undefined/unknown
	Isolation level: undefined/unknown
	Minimum pool size: undefined/unknown
	Maximum pool size: undefined/unknown
2025-05-14T22:39:31.010-03:00  INFO 27908 --- [thetis] [restartedMain] o.h.e.t.j.p.i.JtaPlatformInitiator       : HHH000489: No JTA platform available (set 'hibernate.transaction.jta.platform' to enable JTA platform integration)
2025-05-14T22:39:31.043-03:00  INFO 27908 --- [thetis] [restartedMain] j.LocalContainerEntityManagerFactoryBean : Initialized JPA EntityManagerFactory for persistence unit 'default'
2025-05-14T22:39:31.100-03:00  WARN 27908 --- [thetis] [restartedMain] JpaBaseConfiguration$JpaWebConfiguration : spring.jpa.open-in-view is enabled by default. Therefore, database queries may be performed during view rendering. Explicitly configure spring.jpa.open-in-view to disable this warning
2025-05-14T22:39:31.154-03:00  WARN 27908 --- [thetis] [restartedMain] .s.s.UserDetailsServiceAutoConfiguration : 

Using generated security password: 89688a17-9faa-415d-bde2-bd50c4980ec6

This generated password is for development use only. Your security configuration must be updated before running your application in production.

2025-05-14T22:39:31.155-03:00  INFO 27908 --- [thetis] [restartedMain] r$InitializeUserDetailsManagerConfigurer : Global AuthenticationManager configured with UserDetailsService bean with name inMemoryUserDetailsManager
2025-05-14T22:39:31.165-03:00  INFO 27908 --- [thetis] [restartedMain] o.s.b.d.a.OptionalLiveReloadServer       : LiveReload server is running on port 35729
2025-05-14T22:39:31.168-03:00  INFO 27908 --- [thetis] [restartedMain] o.s.b.w.embedded.tomcat.TomcatWebServer  : Tomcat started on port 8080 (http) with context path '/'
2025-05-14T22:39:31.170-03:00  INFO 27908 --- [thetis] [restartedMain] br.com.fiap.thetis.ThetisApplication     : Started ThetisApplication in 0.384 seconds (process running for 315.492)
2025-05-14T22:39:53.609-03:00  INFO 27908 --- [thetis] [SpringApplicationShutdownHook] o.s.b.w.e.tomcat.GracefulShutdown        : Commencing graceful shutdown. Waiting for active requests to complete
2025-05-14T22:39:53.611-03:00  INFO 27908 --- [thetis] [tomcat-shutdown] o.s.b.w.e.tomcat.GracefulShutdown        : Graceful shutdown complete
2025-05-14T22:39:53.612-03:00  INFO 27908 --- [thetis] [SpringApplicationShutdownHook] j.LocalContainerEntityManagerFactoryBean : Closing JPA EntityManagerFactory for persistence unit 'default'
2025-05-14T22:39:53.613-03:00  INFO 27908 --- [thetis] [SpringApplicationShutdownHook] com.zaxxer.hikari.HikariDataSource       : HikariPool-14 - Shutdown initiated...
2025-05-14T22:39:53.614-03:00  INFO 27908 --- [thetis] [SpringApplicationShutdownHook] com.zaxxer.hikari.HikariDataSource       : HikariPool-14 - Shutdown completed.
2025-05-14T22:39:59.890-03:00  INFO 42264 --- [thetis] [restartedMain] br.com.fiap.thetis.ThetisApplication     : Starting ThetisApplication using Java 23.0.2 with PID 42264 (C:\Users\Gusma\OneDrive\Documentos\Estudos\thetis\target\classes started by Gusma in C:\Users\Gusma\OneDrive\Documentos\Estudos\thetis)
2025-05-14T22:39:59.891-03:00  INFO 42264 --- [thetis] [restartedMain] br.com.fiap.thetis.ThetisApplication     : The following 1 profile is active: "prod"
2025-05-14T22:39:59.924-03:00  INFO 42264 --- [thetis] [restartedMain] .e.DevToolsPropertyDefaultsPostProcessor : Devtools property defaults active! Set 'spring.devtools.add-properties' to 'false' to disable
2025-05-14T22:39:59.924-03:00  INFO 42264 --- [thetis] [restartedMain] .e.DevToolsPropertyDefaultsPostProcessor : For additional web related logging consider setting the 'logging.level.web' property to 'DEBUG'
2025-05-14T22:40:00.286-03:00  INFO 42264 --- [thetis] [restartedMain] .s.d.r.c.RepositoryConfigurationDelegate : Bootstrapping Spring Data JPA repositories in DEFAULT mode.
2025-05-14T22:40:00.323-03:00  INFO 42264 --- [thetis] [restartedMain] .s.d.r.c.RepositoryConfigurationDelegate : Finished Spring Data repository scanning in 31 ms. Found 8 JPA repository interfaces.
2025-05-14T22:40:00.605-03:00  INFO 42264 --- [thetis] [restartedMain] o.s.b.w.embedded.tomcat.TomcatWebServer  : Tomcat initialized with port 8080 (http)
2025-05-14T22:40:00.612-03:00  INFO 42264 --- [thetis] [restartedMain] o.apache.catalina.core.StandardService   : Starting service [Tomcat]
2025-05-14T22:40:00.612-03:00  INFO 42264 --- [thetis] [restartedMain] o.apache.catalina.core.StandardEngine    : Starting Servlet engine: [Apache Tomcat/10.1.40]
2025-05-14T22:40:00.635-03:00  INFO 42264 --- [thetis] [restartedMain] o.a.c.c.C.[Tomcat].[localhost].[/]       : Initializing Spring embedded WebApplicationContext
2025-05-14T22:40:00.635-03:00  INFO 42264 --- [thetis] [restartedMain] w.s.c.ServletWebServerApplicationContext : Root WebApplicationContext: initialization completed in 710 ms
2025-05-14T22:40:00.705-03:00  INFO 42264 --- [thetis] [restartedMain] o.hibernate.jpa.internal.util.LogHelper  : HHH000204: Processing PersistenceUnitInfo [name: default]
2025-05-14T22:40:00.726-03:00  INFO 42264 --- [thetis] [restartedMain] org.hibernate.Version                    : HHH000412: Hibernate ORM core version 6.6.13.Final
2025-05-14T22:40:00.742-03:00  INFO 42264 --- [thetis] [restartedMain] o.h.c.internal.RegionFactoryInitiator    : HHH000026: Second-level cache disabled
2025-05-14T22:40:00.864-03:00  INFO 42264 --- [thetis] [restartedMain] o.s.o.j.p.SpringPersistenceUnitInfo      : No LoadTimeWeaver setup: ignoring JPA class transformer
2025-05-14T22:40:00.877-03:00  INFO 42264 --- [thetis] [restartedMain] com.zaxxer.hikari.HikariDataSource       : HikariPool-1 - Starting...
2025-05-14T22:40:00.959-03:00  INFO 42264 --- [thetis] [restartedMain] com.zaxxer.hikari.pool.HikariPool        : HikariPool-1 - Added connection com.mysql.cj.jdbc.ConnectionImpl@47cb4c72
2025-05-14T22:40:00.960-03:00  INFO 42264 --- [thetis] [restartedMain] com.zaxxer.hikari.HikariDataSource       : HikariPool-1 - Start completed.
2025-05-14T22:40:00.986-03:00  WARN 42264 --- [thetis] [restartedMain] org.hibernate.orm.deprecation            : HHH90000025: MySQLDialect does not need to be specified explicitly using 'hibernate.dialect' (remove the property setting and it will be selected by default)
2025-05-14T22:40:00.994-03:00  INFO 42264 --- [thetis] [restartedMain] org.hibernate.orm.connections.pooling    : HHH10001005: Database info:
	Database JDBC URL [Connecting through datasource 'HikariDataSource (HikariPool-1)']
	Database driver: undefined/unknown
	Database version: 8.4.5
	Autocommit mode: undefined/unknown
	Isolation level: undefined/unknown
	Minimum pool size: undefined/unknown
	Maximum pool size: undefined/unknown
2025-05-14T22:40:01.457-03:00  INFO 42264 --- [thetis] [restartedMain] o.h.e.t.j.p.i.JtaPlatformInitiator       : HHH000489: No JTA platform available (set 'hibernate.transaction.jta.platform' to enable JTA platform integration)
2025-05-14T22:40:01.510-03:00  INFO 42264 --- [thetis] [restartedMain] j.LocalContainerEntityManagerFactoryBean : Initialized JPA EntityManagerFactory for persistence unit 'default'
2025-05-14T22:40:01.733-03:00  WARN 42264 --- [thetis] [restartedMain] JpaBaseConfiguration$JpaWebConfiguration : spring.jpa.open-in-view is enabled by default. Therefore, database queries may be performed during view rendering. Explicitly configure spring.jpa.open-in-view to disable this warning
2025-05-14T22:40:01.930-03:00  WARN 42264 --- [thetis] [restartedMain] .s.s.UserDetailsServiceAutoConfiguration : 

Using generated security password: ca5d4214-084d-45b0-9db1-129c010c79d8

This generated password is for development use only. Your security configuration must be updated before running your application in production.

2025-05-14T22:40:01.934-03:00  INFO 42264 --- [thetis] [restartedMain] r$InitializeUserDetailsManagerConfigurer : Global AuthenticationManager configured with UserDetailsService bean with name inMemoryUserDetailsManager
2025-05-14T22:40:01.998-03:00  INFO 42264 --- [thetis] [restartedMain] o.s.b.d.a.OptionalLiveReloadServer       : LiveReload server is running on port 35729
2025-05-14T22:40:02.014-03:00  INFO 42264 --- [thetis] [restartedMain] o.s.b.w.embedded.tomcat.TomcatWebServer  : Tomcat started on port 8080 (http) with context path '/'
2025-05-14T22:40:02.019-03:00  INFO 42264 --- [thetis] [restartedMain] br.com.fiap.thetis.ThetisApplication     : Started ThetisApplication in 2.343 seconds (process running for 2.56)
2025-05-14T22:42:34.016-03:00  INFO 42264 --- [thetis] [SpringApplicationShutdownHook] o.s.b.w.e.tomcat.GracefulShutdown        : Commencing graceful shutdown. Waiting for active requests to complete
2025-05-14T22:42:34.018-03:00  INFO 42264 --- [thetis] [tomcat-shutdown] o.s.b.w.e.tomcat.GracefulShutdown        : Graceful shutdown complete
2025-05-14T22:42:34.021-03:00  INFO 42264 --- [thetis] [SpringApplicationShutdownHook] j.LocalContainerEntityManagerFactoryBean : Closing JPA EntityManagerFactory for persistence unit 'default'
2025-05-14T22:42:34.023-03:00  INFO 42264 --- [thetis] [SpringApplicationShutdownHook] com.zaxxer.hikari.HikariDataSource       : HikariPool-1 - Shutdown initiated...
2025-05-14T22:42:34.027-03:00  INFO 42264 --- [thetis] [SpringApplicationShutdownHook] com.zaxxer.hikari.HikariDataSource       : HikariPool-1 - Shutdown completed.
2025-05-14T22:50:49.008-03:00  INFO 43800 --- [thetis] [restartedMain] br.com.fiap.thetis.ThetisApplication     : Starting ThetisApplication using Java 23.0.2 with PID 43800 (C:\Users\Gusma\OneDrive\Documentos\Estudos\thetis\target\classes started by Gusma in C:\Users\Gusma\OneDrive\Documentos\Estudos\thetis)
2025-05-14T22:50:49.009-03:00  INFO 43800 --- [thetis] [restartedMain] br.com.fiap.thetis.ThetisApplication     : The following 1 profile is active: "prod"
2025-05-14T22:50:49.037-03:00  INFO 43800 --- [thetis] [restartedMain] o.s.b.devtools.restart.ChangeableUrls    : The Class-Path manifest attribute in C:\Users\Gusma\.m2\repository\io\github\cdimascio\java-dotenv\5.2.2\java-dotenv-5.2.2.jar referenced one or more files that do not exist: file:/C:/Users/Gusma/.m2/repository/io/github/cdimascio/java-dotenv/5.2.2/kotlin-stdlib-1.4.0.jar,file:/C:/Users/Gusma/.m2/repository/io/github/cdimascio/java-dotenv/5.2.2/kotlin-stdlib-common-1.4.0.jar,file:/C:/Users/Gusma/.m2/repository/io/github/cdimascio/java-dotenv/5.2.2/annotations-13.0.jar
2025-05-14T22:50:49.037-03:00  INFO 43800 --- [thetis] [restartedMain] .e.DevToolsPropertyDefaultsPostProcessor : Devtools property defaults active! Set 'spring.devtools.add-properties' to 'false' to disable
2025-05-14T22:50:49.037-03:00  INFO 43800 --- [thetis] [restartedMain] .e.DevToolsPropertyDefaultsPostProcessor : For additional web related logging consider setting the 'logging.level.web' property to 'DEBUG'
2025-05-14T22:50:49.428-03:00  INFO 43800 --- [thetis] [restartedMain] .s.d.r.c.RepositoryConfigurationDelegate : Bootstrapping Spring Data JPA repositories in DEFAULT mode.
2025-05-14T22:50:49.472-03:00  INFO 43800 --- [thetis] [restartedMain] .s.d.r.c.RepositoryConfigurationDelegate : Finished Spring Data repository scanning in 39 ms. Found 8 JPA repository interfaces.
2025-05-14T22:50:49.766-03:00  INFO 43800 --- [thetis] [restartedMain] o.s.b.w.embedded.tomcat.TomcatWebServer  : Tomcat initialized with port 8080 (http)
2025-05-14T22:50:49.772-03:00  INFO 43800 --- [thetis] [restartedMain] o.apache.catalina.core.StandardService   : Starting service [Tomcat]
2025-05-14T22:50:49.773-03:00  INFO 43800 --- [thetis] [restartedMain] o.apache.catalina.core.StandardEngine    : Starting Servlet engine: [Apache Tomcat/10.1.40]
2025-05-14T22:50:49.796-03:00  INFO 43800 --- [thetis] [restartedMain] o.a.c.c.C.[Tomcat].[localhost].[/]       : Initializing Spring embedded WebApplicationContext
2025-05-14T22:50:49.796-03:00  INFO 43800 --- [thetis] [restartedMain] w.s.c.ServletWebServerApplicationContext : Root WebApplicationContext: initialization completed in 759 ms
2025-05-14T22:50:49.860-03:00  INFO 43800 --- [thetis] [restartedMain] o.hibernate.jpa.internal.util.LogHelper  : HHH000204: Processing PersistenceUnitInfo [name: default]
2025-05-14T22:50:49.881-03:00  INFO 43800 --- [thetis] [restartedMain] org.hibernate.Version                    : HHH000412: Hibernate ORM core version 6.6.13.Final
2025-05-14T22:50:49.897-03:00  INFO 43800 --- [thetis] [restartedMain] o.h.c.internal.RegionFactoryInitiator    : HHH000026: Second-level cache disabled
2025-05-14T22:50:50.006-03:00  INFO 43800 --- [thetis] [restartedMain] o.s.o.j.p.SpringPersistenceUnitInfo      : No LoadTimeWeaver setup: ignoring JPA class transformer
2025-05-14T22:50:50.020-03:00  INFO 43800 --- [thetis] [restartedMain] com.zaxxer.hikari.HikariDataSource       : HikariPool-1 - Starting...
2025-05-14T22:50:50.104-03:00  INFO 43800 --- [thetis] [restartedMain] com.zaxxer.hikari.pool.HikariPool        : HikariPool-1 - Added connection com.mysql.cj.jdbc.ConnectionImpl@95fb95c
2025-05-14T22:50:50.105-03:00  INFO 43800 --- [thetis] [restartedMain] com.zaxxer.hikari.HikariDataSource       : HikariPool-1 - Start completed.
2025-05-14T22:50:50.130-03:00  WARN 43800 --- [thetis] [restartedMain] org.hibernate.orm.deprecation            : HHH90000025: MySQLDialect does not need to be specified explicitly using 'hibernate.dialect' (remove the property setting and it will be selected by default)
2025-05-14T22:50:50.137-03:00  INFO 43800 --- [thetis] [restartedMain] org.hibernate.orm.connections.pooling    : HHH10001005: Database info:
	Database JDBC URL [Connecting through datasource 'HikariDataSource (HikariPool-1)']
	Database driver: undefined/unknown
	Database version: 8.4.5
	Autocommit mode: undefined/unknown
	Isolation level: undefined/unknown
	Minimum pool size: undefined/unknown
	Maximum pool size: undefined/unknown
2025-05-14T22:50:50.610-03:00  INFO 43800 --- [thetis] [restartedMain] o.h.e.t.j.p.i.JtaPlatformInitiator       : HHH000489: No JTA platform available (set 'hibernate.transaction.jta.platform' to enable JTA platform integration)
2025-05-14T22:50:50.667-03:00  INFO 43800 --- [thetis] [restartedMain] j.LocalContainerEntityManagerFactoryBean : Initialized JPA EntityManagerFactory for persistence unit 'default'
2025-05-14T22:50:50.884-03:00  WARN 43800 --- [thetis] [restartedMain] JpaBaseConfiguration$JpaWebConfiguration : spring.jpa.open-in-view is enabled by default. Therefore, database queries may be performed during view rendering. Explicitly configure spring.jpa.open-in-view to disable this warning
2025-05-14T22:50:51.083-03:00  WARN 43800 --- [thetis] [restartedMain] .s.s.UserDetailsServiceAutoConfiguration : 

Using generated security password: dce203a0-7c95-4647-919f-8f18447b7d40

This generated password is for development use only. Your security configuration must be updated before running your application in production.

2025-05-14T22:50:51.086-03:00  INFO 43800 --- [thetis] [restartedMain] r$InitializeUserDetailsManagerConfigurer : Global AuthenticationManager configured with UserDetailsService bean with name inMemoryUserDetailsManager
2025-05-14T22:50:51.149-03:00  INFO 43800 --- [thetis] [restartedMain] o.s.b.d.a.OptionalLiveReloadServer       : LiveReload server is running on port 35729
2025-05-14T22:50:51.164-03:00  INFO 43800 --- [thetis] [restartedMain] o.s.b.w.embedded.tomcat.TomcatWebServer  : Tomcat started on port 8080 (http) with context path '/'
2025-05-14T22:50:51.168-03:00  INFO 43800 --- [thetis] [restartedMain] br.com.fiap.thetis.ThetisApplication     : Started ThetisApplication in 2.37 seconds (process running for 2.609)
